Copyright 1986-2019 Xilinx, Inc. All Rights Reserved.
------------------------------------------------------------------------------------
| Tool Version : Vivado v.2019.1 (win64) Build 2552052 Fri May 24 14:49:42 MDT 2019
| Date         : Tue Feb 23 14:16:21 2021
| Host         : DESKTOP-3K3DVHO running 64-bit major release  (build 9200)
| Command      : upgrade_ip
| Device       : xc7z010clg400-1
------------------------------------------------------------------------------------

Upgrade Log for IP 'kyberBD_polyvec_basemul_acc_0_1'

1. Summary
----------

CAUTION (success, with warnings) in the upgrade of kyberBD_polyvec_basemul_acc_0_1 (xilinx.com:user:polyvec_basemul_acc_montgomery:1.0) from (Rev. 12) to (Rev. 13)

After upgrade, an IP may have parameter and port differences compared to the original customization. Please review the parameters within the IP customization GUI to ensure proper functionality. Also, please review the updated IP instantiation template to ensure proper connectivity, and update your design if required.

2. Connection Warnings
----------------------

Detected external port differences while upgrading 'kyberBD_polyvec_basemul_acc_0_1'. These changes may impact your design.


-Upgrade has added port 'valid0_from_barrett'

-Upgrade has added port 'valid0_to_barrett'

-Upgrade has added port 'valid1_from_barrett'

-Upgrade has added port 'valid1_to_barrett'

-Upgrade has added port 'valid_from_fqmul0'

-Upgrade has added port 'valid_from_fqmul1'

-Upgrade has added port 'valid_from_fqmul2'

-Upgrade has added port 'valid_from_fqmul3'

-Upgrade has added port 'valid_from_fqmul4'

-Upgrade has added port 'valid_from_fqmul5'

-Upgrade has added port 'valid_to_fqmul0'

-Upgrade has added port 'valid_to_fqmul1'

-Upgrade has added port 'valid_to_fqmul2'

-Upgrade has added port 'valid_to_fqmul3'

-Upgrade has added port 'valid_to_fqmul4'

-Upgrade has added port 'valid_to_fqmul5'







Copyright 1986-2019 Xilinx, Inc. All Rights Reserved.
------------------------------------------------------------------------------------
| Tool Version : Vivado v.2019.1 (win64) Build 2552052 Fri May 24 14:49:42 MDT 2019
| Date         : Tue Feb 23 10:21:32 2021
| Host         : DESKTOP-3K3DVHO running 64-bit major release  (build 9200)
| Command      : upgrade_ip
| Device       : xc7z010clg400-1
------------------------------------------------------------------------------------

Upgrade Log for IP 'kyberBD_polyvec_basemul_acc_0_1'

1. Summary
----------

SUCCESS in the upgrade of kyberBD_polyvec_basemul_acc_0_1 (xilinx.com:user:polyvec_basemul_acc_montgomery:1.0) from (Rev. 11) to (Rev. 12)

