#-----------------------------------------------------------
# Vivado v2019.1 (64-bit)
# SW Build 2552052 on Fri May 24 14:49:42 MDT 2019
# IP Build 2548770 on Fri May 24 18:01:18 MDT 2019
# Start of session at: Sat Feb 20 17:51:40 2021
# Process ID: 18272
# Current directory: C:/Projects/kyber-fpga
# Command line: vivado.exe -gui_launcher_event rodinguilauncherevent14052 C:\Projects\kyber-fpga\kyber-fpga.xpr
# Log file: C:/Projects/kyber-fpga/vivado.log
# Journal file: C:/Projects/kyber-fpga\vivado.jou
#-----------------------------------------------------------
start_gui
open_project C:/Projects/kyber-fpga/kyber-fpga.xpr
Scanning sources...
Finished scanning sources
WARNING: [filemgmt 56-3] IP Repository Path: Could not find the directory 'C:/Projects/ip_repo/barret_reduce_1.0'.
WARNING: [filemgmt 56-3] IP Repository Path: Could not find the directory 'C:/Projects/ip_repo/signal_multiplexer_1.0'.
INFO: [IP_Flow 19-234] Refreshing IP repositories
WARNING: [IP_Flow 19-3685] Ignored loading user repository 'c:/Projects/ip_repo/polyvec_basemul_acc_montgomery_1.0'. The path is contained within another repository.
WARNING: [IP_Flow 19-2207] Repository 'c:/Projects/ip_repo/polyvec_basemul_acc_montgomery_1.0' already exists; ignoring attempt to add it again.
WARNING: [IP_Flow 19-3685] Ignored loading user repository 'c:/Projects/ip_repo/polyvec_basemul_acc_montgomery_1.0'. The path is contained within another repository.
WARNING: [IP_Flow 19-3685] Ignored loading user repository 'c:/Projects/ip_repo/barrett_reduce_1.0'. The path is contained within another repository.
WARNING: [IP_Flow 19-3685] Ignored loading user repository 'c:/Projects/ip_repo/polyvec_reduce_1.0'. The path is contained within another repository.
WARNING: [IP_Flow 19-3685] Ignored loading user repository 'c:/Projects/ip_repo/barret_reduce_1.0'. The path is contained within another repository.
WARNING: [IP_Flow 19-3685] Ignored loading user repository 'c:/Projects/ip_repo/dual_bram_1.0'. The path is contained within another repository.
WARNING: [IP_Flow 19-3685] Ignored loading user repository 'c:/Projects/ip_repo/poly_tomont_1.0'. The path is contained within another repository.
WARNING: [IP_Flow 19-3685] Ignored loading user repository 'c:/Projects/ip_repo/triple_signal_multiplexer_1.0'. The path is contained within another repository.
WARNING: [IP_Flow 19-3685] Ignored loading user repository 'c:/Projects/ip_repo/double_signal_multiplexer_1.0'. The path is contained within another repository.
WARNING: [IP_Flow 19-3685] Ignored loading user repository 'c:/Projects/ip_repo/signal_multiplexer_1.0'. The path is contained within another repository.
WARNING: [IP_Flow 19-3685] Ignored loading user repository 'c:/Projects/ip_repo/bram_port_selector_1.0'. The path is contained within another repository.
WARNING: [IP_Flow 19-3685] Ignored loading user repository 'c:/Projects/ip_repo/bram_mm_1.0'. The path is contained within another repository.
WARNING: [IP_Flow 19-3685] Ignored loading user repository 'c:/Projects/ip_repo/fqmul_1.0'. The path is contained within another repository.
WARNING: [IP_Flow 19-3685] Ignored loading user repository 'c:/Projects/ip_repo/splitter_1.0'. The path is contained within another repository.
WARNING: [IP_Flow 19-3685] Ignored loading user repository 'c:/Projects/ip_repo/montgomery_reduction_1.0'. The path is contained within another repository.
WARNING: [IP_Flow 19-3685] Ignored loading user repository 'c:/Projects/ip_repo/timer2_1.0'. The path is contained within another repository.
INFO: [IP_Flow 19-1700] Loaded user IP repository 'c:/Projects/ip_repo'.
INFO: [IP_Flow 19-2313] Loaded Vivado IP repository 'C:/Xilinx/Vivado/2019.1/data/ip'.
open_project: Time (s): cpu = 00:00:22 ; elapsed = 00:00:11 . Memory (MB): peak = 757.148 ; gain = 129.105
update_compile_order -fileset sources_1
open_bd_design {C:/Projects/kyber-fpga/kyber-fpga.srcs/sources_1/bd/kyberBD/kyberBD.bd}
Adding component instance block -- xilinx.com:ip:processing_system7:5.5 - processing_system7_0
Adding component instance block -- xilinx.com:ip:proc_sys_reset:5.0 - proc_sys_reset_0
Adding component instance block -- xilinx.com:ip:axi_interconnect:2.1 - axi_interconnect_0
Adding component instance block -- xilinx.com:ip:axi_crossbar:2.1 - xbar
Adding component instance block -- xilinx.com:ip:axi_protocol_converter:2.1 - auto_pc
Adding component instance block -- xilinx.com:ip:axi_gpio:2.0 - axi_gpio_0
Adding component instance block -- xilinx.com:user:timer2:1.0 - timer2_0
Adding component instance block -- xilinx.com:ip:axi_gpio:2.0 - axi_gpio_1
Adding component instance block -- xilinx.com:ip:axi_gpio:2.0 - axi_gpio_2
Adding component instance block -- xilinx.com:user:bram_port_selector:1.0 - bram_port_selector_0
Adding component instance block -- xilinx.com:user:bram_port_selector:1.0 - bram_port_selector_1
Adding component instance block -- xilinx.com:user:double_signal_multiplexer:1.0 - double_signal_multip_0
Adding component instance block -- xilinx.com:user:double_signal_multiplexer:1.0 - double_signal_multip_1
Adding component instance block -- xilinx.com:user:double_signal_multiplexer:1.0 - double_signal_multip_2
Adding component instance block -- xilinx.com:user:double_signal_multiplexer:1.0 - double_signal_multip_3
Adding component instance block -- xilinx.com:user:barrett_reduce:1.0 - barrett_reduce_0
Adding component instance block -- xilinx.com:user:barrett_reduce:1.0 - barrett_reduce_1
Adding component instance block -- xilinx.com:user:poly_tomont:1.0 - poly_tomont_0
Adding component instance block -- xilinx.com:user:dual_bram:1.0 - dual_bram_0
Adding component instance block -- xilinx.com:user:fqmul:1.0 - fqmul_0
Adding component instance block -- xilinx.com:user:fqmul:1.0 - fqmul_1
Adding component instance block -- xilinx.com:user:bram_port_selector:1.0 - bram_port_selector_2
Adding component instance block -- xilinx.com:ip:axi_gpio:2.0 - axi_gpio_3
Adding component instance block -- xilinx.com:user:polyvec_reduce:1.0 - polyvec_reduce_0
Adding component instance block -- xilinx.com:user:fqmul:1.0 - fqmul_2
Adding component instance block -- xilinx.com:user:fqmul:1.0 - fqmul_3
Adding component instance block -- xilinx.com:user:fqmul:1.0 - fqmul_4
Adding component instance block -- xilinx.com:user:fqmul:1.0 - fqmul_5
Adding component instance block -- xilinx.com:user:double_signal_multiplexer:1.0 - double_signal_multip_4
Adding component instance block -- xilinx.com:user:double_signal_multiplexer:1.0 - double_signal_multip_5
Adding component instance block -- xilinx.com:user:double_signal_multiplexer:1.0 - double_signal_multip_6
Adding component instance block -- xilinx.com:user:double_signal_multiplexer:1.0 - double_signal_multip_7
Adding component instance block -- xilinx.com:user:polyvec_basemul_acc_montgomery:1.0 - polyvec_basemul_acc_0
Adding component instance block -- xilinx.com:user:montgomery_reduction:1.0 - montgomery_reduction_0
Adding component instance block -- xilinx.com:user:montgomery_reduction:1.0 - montgomery_reduction_2
Adding component instance block -- xilinx.com:user:montgomery_reduction:1.0 - montgomery_reduction_3
Adding component instance block -- xilinx.com:user:montgomery_reduction:1.0 - montgomery_reduction_4
Adding component instance block -- xilinx.com:user:montgomery_reduction:1.0 - montgomery_reduction_5
Adding component instance block -- xilinx.com:user:montgomery_reduction:1.0 - montgomery_reduction_1
Successfully read diagram <kyberBD> from BD file <C:/Projects/kyber-fpga/kyber-fpga.srcs/sources_1/bd/kyberBD/kyberBD.bd>
open_bd_design: Time (s): cpu = 00:00:16 ; elapsed = 00:00:11 . Memory (MB): peak = 899.840 ; gain = 82.832
ipx::edit_ip_in_project -upgrade true -name polyvec_basemul_acc_montgomery_v1_0_project -directory C:/Projects/kyber-fpga/kyber-fpga.tmp/polyvec_basemul_acc_montgomery_v1_0_project c:/Projects/ip_repo/polyvec_basemul_acc_montgomery_1.0/component.xml
INFO: [ProjectBase 1-489] The host OS only allows 260 characters in a normal path. The project is stored in a path with more than 80 characters. If you experience issues with IP, Block Designs, or files not being found, please consider moving the project to a location with a shorter path. Alternately consider using the OS subst command to map part of the path to a drive letter.
Current project path is 'c:/projects/kyber-fpga/kyber-fpga.tmp/polyvec_basemul_acc_montgomery_v1_0_project'
INFO: [IP_Flow 19-234] Refreshing IP repositories
INFO: [IP_Flow 19-1704] No user IP repositories specified
INFO: [IP_Flow 19-2313] Loaded Vivado IP repository 'C:/Xilinx/Vivado/2019.1/data/ip'.
create_project: Time (s): cpu = 00:00:13 ; elapsed = 00:00:08 . Memory (MB): peak = 939.137 ; gain = 22.469
INFO: [IP_Flow 19-234] Refreshing IP repositories
WARNING: [IP_Flow 19-3685] Ignored loading user repository 'c:/Projects/ip_repo/polyvec_basemul_acc_montgomery_1.0'. The path is contained within another repository.
WARNING: [IP_Flow 19-2207] Repository 'c:/Projects/ip_repo/polyvec_basemul_acc_montgomery_1.0' already exists; ignoring attempt to add it again.
WARNING: [IP_Flow 19-3685] Ignored loading user repository 'c:/Projects/ip_repo/polyvec_basemul_acc_montgomery_1.0'. The path is contained within another repository.
WARNING: [IP_Flow 19-3685] Ignored loading user repository 'c:/Projects/ip_repo/barrett_reduce_1.0'. The path is contained within another repository.
WARNING: [IP_Flow 19-3685] Ignored loading user repository 'c:/Projects/ip_repo/polyvec_reduce_1.0'. The path is contained within another repository.
WARNING: [IP_Flow 19-3685] Ignored loading user repository 'c:/Projects/ip_repo/barret_reduce_1.0'. The path is contained within another repository.
WARNING: [IP_Flow 19-3685] Ignored loading user repository 'c:/Projects/ip_repo/dual_bram_1.0'. The path is contained within another repository.
WARNING: [IP_Flow 19-3685] Ignored loading user repository 'c:/Projects/ip_repo/poly_tomont_1.0'. The path is contained within another repository.
WARNING: [IP_Flow 19-3685] Ignored loading user repository 'c:/Projects/ip_repo/triple_signal_multiplexer_1.0'. The path is contained within another repository.
WARNING: [IP_Flow 19-3685] Ignored loading user repository 'c:/Projects/ip_repo/double_signal_multiplexer_1.0'. The path is contained within another repository.
WARNING: [IP_Flow 19-3685] Ignored loading user repository 'c:/Projects/ip_repo/signal_multiplexer_1.0'. The path is contained within another repository.
WARNING: [IP_Flow 19-3685] Ignored loading user repository 'c:/Projects/ip_repo/bram_port_selector_1.0'. The path is contained within another repository.
WARNING: [IP_Flow 19-3685] Ignored loading user repository 'c:/Projects/ip_repo/bram_mm_1.0'. The path is contained within another repository.
WARNING: [IP_Flow 19-3685] Ignored loading user repository 'c:/Projects/ip_repo/fqmul_1.0'. The path is contained within another repository.
WARNING: [IP_Flow 19-3685] Ignored loading user repository 'c:/Projects/ip_repo/splitter_1.0'. The path is contained within another repository.
WARNING: [IP_Flow 19-3685] Ignored loading user repository 'c:/Projects/ip_repo/montgomery_reduction_1.0'. The path is contained within another repository.
WARNING: [IP_Flow 19-3685] Ignored loading user repository 'c:/Projects/ip_repo/timer2_1.0'. The path is contained within another repository.
INFO: [IP_Flow 19-1700] Loaded user IP repository 'c:/Projects/ip_repo'.
INFO: [IP_Flow 19-795] Syncing license key meta-data
ipx::edit_ip_in_project: Time (s): cpu = 00:00:19 ; elapsed = 00:00:11 . Memory (MB): peak = 958.895 ; gain = 42.227
update_compile_order -fileset sources_1
add_files -force -norecurse -copy_to c:/Projects/ip_repo/polyvec_basemul_acc_montgomery_1.0/src {C:/Projects/ip_repo/polyvec_basemul_acc_montgomery_1.0/src/double_signal_multiplexer_v1_0.vhd C:/Projects/ip_repo/polyvec_basemul_acc_montgomery_1.0/src/fqmul_v1_0.vhd C:/Projects/ip_repo/polyvec_basemul_acc_montgomery_1.0/src/montgomery_reduction_v1_0.vhd}
WARNING: [Vivado 12-3631] The destination file or directory 'c:/Projects/ip_repo/polyvec_basemul_acc_montgomery_1.0/src/double_signal_multiplexer_v1_0.vhd' already exists, -force is used to overwrite it
WARNING: [Vivado 12-3631] The destination file or directory 'c:/Projects/ip_repo/polyvec_basemul_acc_montgomery_1.0/src/fqmul_v1_0.vhd' already exists, -force is used to overwrite it
WARNING: [Vivado 12-3631] The destination file or directory 'c:/Projects/ip_repo/polyvec_basemul_acc_montgomery_1.0/src/montgomery_reduction_v1_0.vhd' already exists, -force is used to overwrite it
c:/Projects/ip_repo/polyvec_basemul_acc_montgomery_1.0/src/double_signal_multiplexer_v1_0.vhd c:/Projects/ip_repo/polyvec_basemul_acc_montgomery_1.0/src/fqmul_v1_0.vhd c:/Projects/ip_repo/polyvec_basemul_acc_montgomery_1.0/src/montgomery_reduction_v1_0.vhd
update_compile_order -fileset sources_1
launch_simulation
INFO: [Vivado 12-5682] Launching behavioral simulation in 'c:/projects/kyber-fpga/kyber-fpga.tmp/polyvec_basemul_acc_montgomery_v1_0_project/polyvec_basemul_acc_montgomery_v1_0_project.sim/sim_1/behav/xsim'
INFO: [SIM-utils-51] Simulation object is 'sim_1'
INFO: [SIM-utils-54] Inspecting design source files for 'testbench' in fileset 'sim_1'...
INFO: [USF-XSim-97] Finding global include files...
INFO: [USF-XSim-98] Fetching design files from 'sim_1'...
INFO: [USF-XSim-2] XSim::Compile design
INFO: [USF-XSim-61] Executing 'COMPILE and ANALYZE' step in 'c:/projects/kyber-fpga/kyber-fpga.tmp/polyvec_basemul_acc_montgomery_v1_0_project/polyvec_basemul_acc_montgomery_v1_0_project.sim/sim_1/behav/xsim'
"xvhdl --incr --relax -prj testbench_vhdl.prj"
INFO: [VRFC 10-163] Analyzing VHDL file "c:/projects/ip_repo/polyvec_basemul_acc_montgomery_1.0/src/double_signal_multiplexer_v1_0.vhd" into library xil_defaultlib
INFO: [VRFC 10-3107] analyzing entity 'double_signal_multiplexer_v1_0'
INFO: [VRFC 10-163] Analyzing VHDL file "c:/projects/ip_repo/polyvec_basemul_acc_montgomery_1.0/src/fqmul_v1_0.vhd" into library xil_defaultlib
INFO: [VRFC 10-3107] analyzing entity 'fqmul_v1_0'
INFO: [VRFC 10-163] Analyzing VHDL file "c:/projects/ip_repo/polyvec_basemul_acc_montgomery_1.0/src/montgomery_reduction_v1_0.vhd" into library xil_defaultlib
INFO: [VRFC 10-3107] analyzing entity 'montgomery_reduction_v1_0'
INFO: [VRFC 10-163] Analyzing VHDL file "c:/projects/ip_repo/polyvec_basemul_acc_montgomery_1.0/src/polyvec_basemul_acc_montgomery_v1_0.vhd" into library work
INFO: [VRFC 10-3107] analyzing entity 'polyvec_basemul_acc_montgomery_v1_0'
INFO: [VRFC 10-163] Analyzing VHDL file "c:/projects/ip_repo/polyvec_basemul_acc_montgomery_1.0/hdl/testbench.vhd" into library work
INFO: [VRFC 10-3107] analyzing entity 'testbench'
INFO: [USF-XSim-69] 'compile' step finished in '3' seconds
INFO: [USF-XSim-3] XSim::Elaborate design
INFO: [USF-XSim-61] Executing 'ELABORATE' step in 'c:/projects/kyber-fpga/kyber-fpga.tmp/polyvec_basemul_acc_montgomery_v1_0_project/polyvec_basemul_acc_montgomery_v1_0_project.sim/sim_1/behav/xsim'
"xelab -wto 9f007b2fecc94b239998e098cd8ec843 --incr --debug typical --relax --mt 2 -L xil_defaultlib -L work -L secureip --snapshot testbench_behav work.testbench -log elaborate.log"
Vivado Simulator 2019.1
Copyright 1986-1999, 2001-2019 Xilinx, Inc. All Rights Reserved.
Running: C:/Xilinx/Vivado/2019.1/bin/unwrapped/win64.o/xelab.exe -wto 9f007b2fecc94b239998e098cd8ec843 --incr --debug typical --relax --mt 2 -L xil_defaultlib -L work -L secureip --snapshot testbench_behav work.testbench -log elaborate.log 
Using 2 slave threads.
Starting static elaboration
Completed static elaboration
Starting simulation data flow analysis
Completed simulation data flow analysis
Time Resolution for simulation is 1ps
Compiling package std.standard
Compiling package std.textio
Compiling package ieee.std_logic_1164
Compiling package ieee.std_logic_arith
Compiling package ieee.std_logic_unsigned
Compiling package ieee.math_real
Compiling package ieee.numeric_std
Compiling package synopsys.attributes
Compiling package ieee.std_logic_misc
Compiling architecture arch_imp of entity xil_defaultlib.fqmul_v1_0 [fqmul_v1_0_default]
Compiling architecture arch_imp of entity xil_defaultlib.double_signal_multiplexer_v1_0 [double_signal_multiplexer_v1_0_d...]
Compiling architecture arch_imp of entity xil_defaultlib.montgomery_reduction_v1_0 [montgomery_reduction_v1_0_defaul...]
Compiling architecture arch_imp of entity work.polyvec_basemul_acc_montgomery_v1_0 [polyvec_basemul_acc_montgomery_v...]
Compiling architecture behavioral of entity work.testbench
Built simulation snapshot testbench_behav

****** Webtalk v2019.1 (64-bit)
  **** SW Build 2552052 on Fri May 24 14:49:42 MDT 2019
  **** IP Build 2548770 on Fri May 24 18:01:18 MDT 2019
    ** Copyright 1986-2019 Xilinx, Inc. All Rights Reserved.

source c:/projects/kyber-fpga/kyber-fpga.tmp/polyvec_basemul_acc_montgomery_v1_0_project/polyvec_basemul_acc_montgomery_v1_0_project.sim/sim_1/behav/xsim/xsim.dir/testbench_behav/webtalk/xsim_webtalk.tcl -notrace
INFO: [Common 17-186] 'c:/projects/kyber-fpga/kyber-fpga.tmp/polyvec_basemul_acc_montgomery_v1_0_project/polyvec_basemul_acc_montgomery_v1_0_project.sim/sim_1/behav/xsim/xsim.dir/testbench_behav/webtalk/usage_statistics_ext_xsim.xml' has been successfully sent to Xilinx on Sat Feb 20 17:54:04 2021. For additional details about this file, please refer to the WebTalk help file at C:/Xilinx/Vivado/2019.1/doc/webtalk_introduction.html.
INFO: [Common 17-206] Exiting Webtalk at Sat Feb 20 17:54:04 2021...
run_program: Time (s): cpu = 00:00:01 ; elapsed = 00:00:11 . Memory (MB): peak = 978.496 ; gain = 0.000
INFO: [USF-XSim-69] 'elaborate' step finished in '12' seconds
INFO: [USF-XSim-4] XSim::Simulate design
INFO: [USF-XSim-61] Executing 'SIMULATE' step in 'c:/projects/kyber-fpga/kyber-fpga.tmp/polyvec_basemul_acc_montgomery_v1_0_project/polyvec_basemul_acc_montgomery_v1_0_project.sim/sim_1/behav/xsim'
INFO: [USF-XSim-98] *** Running xsim
   with args "testbench_behav -key {Behavioral:sim_1:Functional:testbench} -tclbatch {testbench.tcl} -view {c:/Projects/kyber-fpga/testbench_behav_polyvec_basemul_acc_montgomery.wcfg} -log {simulate.log}"
INFO: [USF-XSim-8] Loading simulator feature
Vivado Simulator 2019.1
Time resolution is 1 ps
open_wave_config c:/Projects/kyber-fpga/testbench_behav_polyvec_basemul_acc_montgomery.wcfg
source testbench.tcl
# set curr_wave [current_wave_config]
# if { [string length $curr_wave] == 0 } {
#   if { [llength [get_objects]] > 0} {
#     add_wave /
#     set_property needs_save false [current_wave_config]
#   } else {
#      send_msg_id Add_Wave-1 WARNING "No top level signals found. Simulator will start without a wave window. If you want to open a wave window go to 'File->New Waveform Configuration' or type 'create_wave_config' in the TCL console."
#   }
# }
# run 1000ns
INFO: [USF-XSim-96] XSim completed. Design snapshot 'testbench_behav' loaded.
INFO: [USF-XSim-97] XSim simulation ran for 1000ns
launch_simulation: Time (s): cpu = 00:00:14 ; elapsed = 00:00:21 . Memory (MB): peak = 995.340 ; gain = 16.844
run 30 us
close_sim
INFO: [Simtcl 6-16] Simulation closed
close_sim: Time (s): cpu = 00:00:03 ; elapsed = 00:00:10 . Memory (MB): peak = 1191.164 ; gain = 0.000
launch_simulation
INFO: [Vivado 12-5682] Launching behavioral simulation in 'c:/projects/kyber-fpga/kyber-fpga.tmp/polyvec_basemul_acc_montgomery_v1_0_project/polyvec_basemul_acc_montgomery_v1_0_project.sim/sim_1/behav/xsim'
INFO: [SIM-utils-51] Simulation object is 'sim_1'
INFO: [SIM-utils-54] Inspecting design source files for 'testbench' in fileset 'sim_1'...
INFO: [USF-XSim-97] Finding global include files...
INFO: [USF-XSim-98] Fetching design files from 'sim_1'...
INFO: [USF-XSim-2] XSim::Compile design
INFO: [USF-XSim-61] Executing 'COMPILE and ANALYZE' step in 'c:/projects/kyber-fpga/kyber-fpga.tmp/polyvec_basemul_acc_montgomery_v1_0_project/polyvec_basemul_acc_montgomery_v1_0_project.sim/sim_1/behav/xsim'
"xvhdl --incr --relax -prj testbench_vhdl.prj"
INFO: [VRFC 10-163] Analyzing VHDL file "c:/projects/ip_repo/polyvec_basemul_acc_montgomery_1.0/src/polyvec_basemul_acc_montgomery_v1_0.vhd" into library work
INFO: [VRFC 10-3107] analyzing entity 'polyvec_basemul_acc_montgomery_v1_0'
INFO: [USF-XSim-69] 'compile' step finished in '3' seconds
INFO: [USF-XSim-3] XSim::Elaborate design
INFO: [USF-XSim-61] Executing 'ELABORATE' step in 'c:/projects/kyber-fpga/kyber-fpga.tmp/polyvec_basemul_acc_montgomery_v1_0_project/polyvec_basemul_acc_montgomery_v1_0_project.sim/sim_1/behav/xsim'
"xelab -wto 9f007b2fecc94b239998e098cd8ec843 --incr --debug typical --relax --mt 2 -L xil_defaultlib -L work -L secureip --snapshot testbench_behav work.testbench -log elaborate.log"
Vivado Simulator 2019.1
Copyright 1986-1999, 2001-2019 Xilinx, Inc. All Rights Reserved.
Running: C:/Xilinx/Vivado/2019.1/bin/unwrapped/win64.o/xelab.exe -wto 9f007b2fecc94b239998e098cd8ec843 --incr --debug typical --relax --mt 2 -L xil_defaultlib -L work -L secureip --snapshot testbench_behav work.testbench -log elaborate.log 
Using 2 slave threads.
Starting static elaboration
Completed static elaboration
Starting simulation data flow analysis
Completed simulation data flow analysis
Time Resolution for simulation is 1ps
Compiling package std.standard
Compiling package std.textio
Compiling package ieee.std_logic_1164
Compiling package ieee.std_logic_arith
Compiling package ieee.std_logic_unsigned
Compiling package ieee.math_real
Compiling package ieee.numeric_std
Compiling package synopsys.attributes
Compiling package ieee.std_logic_misc
Compiling architecture arch_imp of entity xil_defaultlib.fqmul_v1_0 [fqmul_v1_0_default]
Compiling architecture arch_imp of entity xil_defaultlib.double_signal_multiplexer_v1_0 [double_signal_multiplexer_v1_0_d...]
Compiling architecture arch_imp of entity xil_defaultlib.montgomery_reduction_v1_0 [montgomery_reduction_v1_0_defaul...]
Compiling architecture arch_imp of entity work.polyvec_basemul_acc_montgomery_v1_0 [polyvec_basemul_acc_montgomery_v...]
Compiling architecture behavioral of entity work.testbench
Built simulation snapshot testbench_behav
INFO: [USF-XSim-69] 'elaborate' step finished in '4' seconds
INFO: [USF-XSim-4] XSim::Simulate design
INFO: [USF-XSim-61] Executing 'SIMULATE' step in 'c:/projects/kyber-fpga/kyber-fpga.tmp/polyvec_basemul_acc_montgomery_v1_0_project/polyvec_basemul_acc_montgomery_v1_0_project.sim/sim_1/behav/xsim'
INFO: [USF-XSim-98] *** Running xsim
   with args "testbench_behav -key {Behavioral:sim_1:Functional:testbench} -tclbatch {testbench.tcl} -view {c:/Projects/kyber-fpga/testbench_behav_polyvec_basemul_acc_montgomery.wcfg} -log {simulate.log}"
INFO: [USF-XSim-8] Loading simulator feature
Vivado Simulator 2019.1
Time resolution is 1 ps
open_wave_config c:/Projects/kyber-fpga/testbench_behav_polyvec_basemul_acc_montgomery.wcfg
source testbench.tcl
# set curr_wave [current_wave_config]
# if { [string length $curr_wave] == 0 } {
#   if { [llength [get_objects]] > 0} {
#     add_wave /
#     set_property needs_save false [current_wave_config]
#   } else {
#      send_msg_id Add_Wave-1 WARNING "No top level signals found. Simulator will start without a wave window. If you want to open a wave window go to 'File->New Waveform Configuration' or type 'create_wave_config' in the TCL console."
#   }
# }
# run 1000ns
INFO: [USF-XSim-96] XSim completed. Design snapshot 'testbench_behav' loaded.
INFO: [USF-XSim-97] XSim simulation ran for 1000ns
launch_simulation: Time (s): cpu = 00:00:06 ; elapsed = 00:00:11 . Memory (MB): peak = 1191.164 ; gain = 0.000
set_property -name {xsim.simulate.runtime} -value {30us} -objects [get_filesets sim_1]
set_property -name {xsim.simulate.log_all_signals} -value {true} -objects [get_filesets sim_1]
WARNING: [filemgmt 56-199] Attempt to get parsing info during refresh. "On-the-fly" syntax checking information may be incorrect. [c:/Projects/ip_repo/polyvec_basemul_acc_montgomery_1.0/src/polyvec_basemul_acc_montgomery_v1_0.vhd:]
WARNING: [filemgmt 56-199] Attempt to get parsing info during refresh. "On-the-fly" syntax checking information may be incorrect. [c:/Projects/ip_repo/polyvec_basemul_acc_montgomery_1.0/hdl/testbench.vhd:]
ERROR: [Common 17-180] Spawn failed: No error
save_wave_config {c:/Projects/kyber-fpga/testbench_behav_polyvec_basemul_acc_montgomery.wcfg}
run 30 us
save_wave_config {c:/Projects/kyber-fpga/testbench_behav_polyvec_basemul_acc_montgomery.wcfg}
close_sim
INFO: [Simtcl 6-16] Simulation closed
launch_simulation
INFO: [Vivado 12-5682] Launching behavioral simulation in 'c:/projects/kyber-fpga/kyber-fpga.tmp/polyvec_basemul_acc_montgomery_v1_0_project/polyvec_basemul_acc_montgomery_v1_0_project.sim/sim_1/behav/xsim'
INFO: [SIM-utils-51] Simulation object is 'sim_1'
INFO: [SIM-utils-54] Inspecting design source files for 'testbench' in fileset 'sim_1'...
INFO: [USF-XSim-97] Finding global include files...
INFO: [USF-XSim-98] Fetching design files from 'sim_1'...
INFO: [USF-XSim-2] XSim::Compile design
INFO: [USF-XSim-61] Executing 'COMPILE and ANALYZE' step in 'c:/projects/kyber-fpga/kyber-fpga.tmp/polyvec_basemul_acc_montgomery_v1_0_project/polyvec_basemul_acc_montgomery_v1_0_project.sim/sim_1/behav/xsim'
"xvhdl --incr --relax -prj testbench_vhdl.prj"
INFO: [VRFC 10-163] Analyzing VHDL file "c:/projects/ip_repo/polyvec_basemul_acc_montgomery_1.0/src/polyvec_basemul_acc_montgomery_v1_0.vhd" into library work
INFO: [VRFC 10-3107] analyzing entity 'polyvec_basemul_acc_montgomery_v1_0'
INFO: [USF-XSim-69] 'compile' step finished in '3' seconds
INFO: [USF-XSim-3] XSim::Elaborate design
INFO: [USF-XSim-61] Executing 'ELABORATE' step in 'c:/projects/kyber-fpga/kyber-fpga.tmp/polyvec_basemul_acc_montgomery_v1_0_project/polyvec_basemul_acc_montgomery_v1_0_project.sim/sim_1/behav/xsim'
"xelab -wto 9f007b2fecc94b239998e098cd8ec843 --incr --debug typical --relax --mt 2 -L xil_defaultlib -L work -L secureip --snapshot testbench_behav work.testbench -log elaborate.log"
Vivado Simulator 2019.1
Copyright 1986-1999, 2001-2019 Xilinx, Inc. All Rights Reserved.
Running: C:/Xilinx/Vivado/2019.1/bin/unwrapped/win64.o/xelab.exe -wto 9f007b2fecc94b239998e098cd8ec843 --incr --debug typical --relax --mt 2 -L xil_defaultlib -L work -L secureip --snapshot testbench_behav work.testbench -log elaborate.log 
Using 2 slave threads.
Starting static elaboration
Completed static elaboration
Starting simulation data flow analysis
Completed simulation data flow analysis
Time Resolution for simulation is 1ps
Compiling package std.standard
Compiling package std.textio
Compiling package ieee.std_logic_1164
Compiling package ieee.std_logic_arith
Compiling package ieee.std_logic_unsigned
Compiling package ieee.math_real
Compiling package ieee.numeric_std
Compiling package synopsys.attributes
Compiling package ieee.std_logic_misc
Compiling architecture arch_imp of entity xil_defaultlib.fqmul_v1_0 [fqmul_v1_0_default]
Compiling architecture arch_imp of entity xil_defaultlib.double_signal_multiplexer_v1_0 [double_signal_multiplexer_v1_0_d...]
Compiling architecture arch_imp of entity xil_defaultlib.montgomery_reduction_v1_0 [montgomery_reduction_v1_0_defaul...]
Compiling architecture arch_imp of entity work.polyvec_basemul_acc_montgomery_v1_0 [polyvec_basemul_acc_montgomery_v...]
Compiling architecture behavioral of entity work.testbench
Built simulation snapshot testbench_behav
INFO: [USF-XSim-69] 'elaborate' step finished in '5' seconds
INFO: [USF-XSim-4] XSim::Simulate design
INFO: [USF-XSim-61] Executing 'SIMULATE' step in 'c:/projects/kyber-fpga/kyber-fpga.tmp/polyvec_basemul_acc_montgomery_v1_0_project/polyvec_basemul_acc_montgomery_v1_0_project.sim/sim_1/behav/xsim'
INFO: [USF-XSim-98] *** Running xsim
   with args "testbench_behav -key {Behavioral:sim_1:Functional:testbench} -tclbatch {testbench.tcl} -view {c:/Projects/kyber-fpga/testbench_behav_polyvec_basemul_acc_montgomery.wcfg} -log {simulate.log}"
INFO: [USF-XSim-8] Loading simulator feature
Vivado Simulator 2019.1
Time resolution is 1 ps
open_wave_config c:/Projects/kyber-fpga/testbench_behav_polyvec_basemul_acc_montgomery.wcfg
source testbench.tcl
# set curr_wave [current_wave_config]
# if { [string length $curr_wave] == 0 } {
#   if { [llength [get_objects]] > 0} {
#     add_wave /
#     set_property needs_save false [current_wave_config]
#   } else {
#      send_msg_id Add_Wave-1 WARNING "No top level signals found. Simulator will start without a wave window. If you want to open a wave window go to 'File->New Waveform Configuration' or type 'create_wave_config' in the TCL console."
#   }
# }
# log_wave -r /
# run 30us
INFO: [USF-XSim-96] XSim completed. Design snapshot 'testbench_behav' loaded.
INFO: [USF-XSim-97] XSim simulation ran for 30us
launch_simulation: Time (s): cpu = 00:00:08 ; elapsed = 00:00:12 . Memory (MB): peak = 1360.219 ; gain = 0.000
close_sim
INFO: [Simtcl 6-16] Simulation closed
launch_simulation
INFO: [Vivado 12-5682] Launching behavioral simulation in 'c:/projects/kyber-fpga/kyber-fpga.tmp/polyvec_basemul_acc_montgomery_v1_0_project/polyvec_basemul_acc_montgomery_v1_0_project.sim/sim_1/behav/xsim'
INFO: [SIM-utils-51] Simulation object is 'sim_1'
INFO: [SIM-utils-54] Inspecting design source files for 'testbench' in fileset 'sim_1'...
INFO: [USF-XSim-97] Finding global include files...
INFO: [USF-XSim-98] Fetching design files from 'sim_1'...
INFO: [USF-XSim-2] XSim::Compile design
INFO: [USF-XSim-61] Executing 'COMPILE and ANALYZE' step in 'c:/projects/kyber-fpga/kyber-fpga.tmp/polyvec_basemul_acc_montgomery_v1_0_project/polyvec_basemul_acc_montgomery_v1_0_project.sim/sim_1/behav/xsim'
"xvhdl --incr --relax -prj testbench_vhdl.prj"
INFO: [VRFC 10-163] Analyzing VHDL file "c:/projects/ip_repo/polyvec_basemul_acc_montgomery_1.0/src/polyvec_basemul_acc_montgomery_v1_0.vhd" into library work
INFO: [VRFC 10-3107] analyzing entity 'polyvec_basemul_acc_montgomery_v1_0'
INFO: [USF-XSim-69] 'compile' step finished in '3' seconds
INFO: [USF-XSim-3] XSim::Elaborate design
INFO: [USF-XSim-61] Executing 'ELABORATE' step in 'c:/projects/kyber-fpga/kyber-fpga.tmp/polyvec_basemul_acc_montgomery_v1_0_project/polyvec_basemul_acc_montgomery_v1_0_project.sim/sim_1/behav/xsim'
"xelab -wto 9f007b2fecc94b239998e098cd8ec843 --incr --debug typical --relax --mt 2 -L xil_defaultlib -L work -L secureip --snapshot testbench_behav work.testbench -log elaborate.log"
Vivado Simulator 2019.1
Copyright 1986-1999, 2001-2019 Xilinx, Inc. All Rights Reserved.
Running: C:/Xilinx/Vivado/2019.1/bin/unwrapped/win64.o/xelab.exe -wto 9f007b2fecc94b239998e098cd8ec843 --incr --debug typical --relax --mt 2 -L xil_defaultlib -L work -L secureip --snapshot testbench_behav work.testbench -log elaborate.log 
Using 2 slave threads.
Starting static elaboration
Completed static elaboration
Starting simulation data flow analysis
Completed simulation data flow analysis
Time Resolution for simulation is 1ps
Compiling package std.standard
Compiling package std.textio
Compiling package ieee.std_logic_1164
Compiling package ieee.std_logic_arith
Compiling package ieee.std_logic_unsigned
Compiling package ieee.math_real
Compiling package ieee.numeric_std
Compiling package synopsys.attributes
Compiling package ieee.std_logic_misc
Compiling architecture arch_imp of entity xil_defaultlib.fqmul_v1_0 [fqmul_v1_0_default]
Compiling architecture arch_imp of entity xil_defaultlib.double_signal_multiplexer_v1_0 [double_signal_multiplexer_v1_0_d...]
Compiling architecture arch_imp of entity xil_defaultlib.montgomery_reduction_v1_0 [montgomery_reduction_v1_0_defaul...]
Compiling architecture arch_imp of entity work.polyvec_basemul_acc_montgomery_v1_0 [polyvec_basemul_acc_montgomery_v...]
Compiling architecture behavioral of entity work.testbench
Built simulation snapshot testbench_behav
