#-----------------------------------------------------------
# Vivado v2019.1 (64-bit)
# SW Build 2552052 on Fri May 24 14:49:42 MDT 2019
# IP Build 2548770 on Fri May 24 18:01:18 MDT 2019
# Start of session at: Mon Mar  1 13:50:17 2021
# Process ID: 3668
# Current directory: C:/Projects/kyber-fpga - Copy
# Command line: vivado.exe -gui_launcher_event rodinguilauncherevent25088 C:\Projects\kyber-fpga - Copy\kyber-fpga.xpr
# Log file: C:/Projects/kyber-fpga - Copy/vivado.log
# Journal file: C:/Projects/kyber-fpga - Copy\vivado.jou
#-----------------------------------------------------------
start_gui
open_project {C:/Projects/kyber-fpga - Copy/kyber-fpga.xpr}
INFO: [Project 1-313] Project file moved from 'C:/Projects/kyber-fpga' since last save.
Scanning sources...
Finished scanning sources
WARNING: [filemgmt 56-3] IP Repository Path: Could not find the directory 'C:/Projects/ip_repo/ntt_1.0'.
WARNING: [filemgmt 56-3] IP Repository Path: Could not find the directory 'C:/Projects/ip_repo/barret_reduce_1.0'.
INFO: [IP_Flow 19-234] Refreshing IP repositories
WARNING: [IP_Flow 19-3685] Ignored loading user repository 'c:/Projects/ip_repo/signal_multiplexer_1.0'. The path is contained within another repository.
WARNING: [IP_Flow 19-3685] Ignored loading user repository 'c:/Projects/ip_repo/polyvec_ntt_1.0'. The path is contained within another repository.
WARNING: [IP_Flow 19-3685] Ignored loading user repository 'c:/Projects/ip_repo/ntt_1.0'. The path is contained within another repository.
WARNING: [IP_Flow 19-3685] Ignored loading user repository 'c:/Projects/ip_repo/polyvec_basemul_acc_montgomery_1.0'. The path is contained within another repository.
WARNING: [IP_Flow 19-2207] Repository 'c:/Projects/ip_repo/polyvec_basemul_acc_montgomery_1.0' already exists; ignoring attempt to add it again.
WARNING: [IP_Flow 19-3685] Ignored loading user repository 'c:/Projects/ip_repo/polyvec_basemul_acc_montgomery_1.0'. The path is contained within another repository.
WARNING: [IP_Flow 19-3685] Ignored loading user repository 'c:/Projects/ip_repo/barrett_reduce_1.0'. The path is contained within another repository.
WARNING: [IP_Flow 19-3685] Ignored loading user repository 'c:/Projects/ip_repo/polyvec_reduce_1.0'. The path is contained within another repository.
WARNING: [IP_Flow 19-3685] Ignored loading user repository 'c:/Projects/ip_repo/barret_reduce_1.0'. The path is contained within another repository.
WARNING: [IP_Flow 19-3685] Ignored loading user repository 'c:/Projects/ip_repo/dual_bram_1.0'. The path is contained within another repository.
WARNING: [IP_Flow 19-3685] Ignored loading user repository 'c:/Projects/ip_repo/poly_tomont_1.0'. The path is contained within another repository.
WARNING: [IP_Flow 19-3685] Ignored loading user repository 'c:/Projects/ip_repo/triple_signal_multiplexer_1.0'. The path is contained within another repository.
WARNING: [IP_Flow 19-3685] Ignored loading user repository 'c:/Projects/ip_repo/double_signal_multiplexer_1.0'. The path is contained within another repository.
WARNING: [IP_Flow 19-2207] Repository 'c:/Projects/ip_repo/signal_multiplexer_1.0' already exists; ignoring attempt to add it again.
WARNING: [IP_Flow 19-3685] Ignored loading user repository 'c:/Projects/ip_repo/signal_multiplexer_1.0'. The path is contained within another repository.
WARNING: [IP_Flow 19-3685] Ignored loading user repository 'c:/Projects/ip_repo/bram_port_selector_1.0'. The path is contained within another repository.
WARNING: [IP_Flow 19-3685] Ignored loading user repository 'c:/Projects/ip_repo/bram_mm_1.0'. The path is contained within another repository.
WARNING: [IP_Flow 19-3685] Ignored loading user repository 'c:/Projects/ip_repo/fqmul_1.0'. The path is contained within another repository.
WARNING: [IP_Flow 19-3685] Ignored loading user repository 'c:/Projects/ip_repo/splitter_1.0'. The path is contained within another repository.
WARNING: [IP_Flow 19-3685] Ignored loading user repository 'c:/Projects/ip_repo/montgomery_reduction_1.0'. The path is contained within another repository.
WARNING: [IP_Flow 19-3685] Ignored loading user repository 'c:/Projects/ip_repo/timer2_1.0'. The path is contained within another repository.
INFO: [IP_Flow 19-1700] Loaded user IP repository 'c:/Projects/ip_repo'.
INFO: [IP_Flow 19-2313] Loaded Vivado IP repository 'C:/Xilinx/Vivado/2019.1/data/ip'.
open_project: Time (s): cpu = 00:00:21 ; elapsed = 00:00:14 . Memory (MB): peak = 790.590 ; gain = 182.219
update_compile_order -fileset sources_1
open_bd_design {C:/Projects/kyber-fpga - Copy/kyber-fpga.srcs/sources_1/bd/kyberBD/kyberBD.bd}
Adding component instance block -- xilinx.com:ip:processing_system7:5.5 - processing_system7_0
Adding component instance block -- xilinx.com:ip:proc_sys_reset:5.0 - proc_sys_reset_0
Adding component instance block -- xilinx.com:ip:axi_interconnect:2.1 - axi_interconnect_0
Adding component instance block -- xilinx.com:ip:axi_crossbar:2.1 - xbar
Adding component instance block -- xilinx.com:ip:axi_protocol_converter:2.1 - auto_pc
Adding component instance block -- xilinx.com:ip:axi_gpio:2.0 - axi_gpio_0
Adding component instance block -- xilinx.com:ip:axi_gpio:2.0 - axi_gpio_1
Adding component instance block -- xilinx.com:ip:axi_gpio:2.0 - axi_gpio_2
Adding component instance block -- xilinx.com:ip:axi_gpio:2.0 - axi_gpio_3
Adding component instance block -- xilinx.com:user:barrett_reduce:1.0 - barrett_reduce_0
Adding component instance block -- xilinx.com:user:barrett_reduce:1.0 - barrett_reduce_1
Adding component instance block -- xilinx.com:user:bram_port_selector:1.0 - bram_port_selector_0
Adding component instance block -- xilinx.com:user:bram_port_selector:1.0 - bram_port_selector_1
Adding component instance block -- xilinx.com:user:bram_port_selector:1.0 - bram_port_selector_3
Adding component instance block -- xilinx.com:user:bram_port_selector:1.0 - bram_port_selector_2
Adding component instance block -- xilinx.com:user:double_signal_multiplexer:1.0 - double_signal_multip_0
Adding component instance block -- xilinx.com:user:double_signal_multiplexer:1.0 - double_signal_multip_1
Adding component instance block -- xilinx.com:user:double_signal_multiplexer:1.0 - double_signal_multip_2
Adding component instance block -- xilinx.com:user:double_signal_multiplexer:1.0 - double_signal_multip_3
Adding component instance block -- xilinx.com:user:double_signal_multiplexer:1.0 - double_signal_multip_4
Adding component instance block -- xilinx.com:user:double_signal_multiplexer:1.0 - double_signal_multip_5
Adding component instance block -- xilinx.com:user:double_signal_multiplexer:1.0 - double_signal_multip_6
Adding component instance block -- xilinx.com:user:double_signal_multiplexer:1.0 - double_signal_multip_7
Adding component instance block -- xilinx.com:user:dual_bram:1.0 - dual_bram_0
Adding component instance block -- xilinx.com:user:fqmul:1.0 - fqmul_0
Adding component instance block -- xilinx.com:user:fqmul:1.0 - fqmul_1
Adding component instance block -- xilinx.com:user:fqmul:1.0 - fqmul_2
Adding component instance block -- xilinx.com:user:fqmul:1.0 - fqmul_3
Adding component instance block -- xilinx.com:user:fqmul:1.0 - fqmul_4
Adding component instance block -- xilinx.com:user:fqmul:1.0 - fqmul_5
Adding component instance block -- xilinx.com:user:montgomery_reduction:1.0 - montgomery_reduction_0
Adding component instance block -- xilinx.com:user:montgomery_reduction:1.0 - montgomery_reduction_1
Adding component instance block -- xilinx.com:user:montgomery_reduction:1.0 - montgomery_reduction_2
Adding component instance block -- xilinx.com:user:montgomery_reduction:1.0 - montgomery_reduction_3
Adding component instance block -- xilinx.com:user:montgomery_reduction:1.0 - montgomery_reduction_4
Adding component instance block -- xilinx.com:user:montgomery_reduction:1.0 - montgomery_reduction_5
Adding component instance block -- xilinx.com:user:poly_tomont:1.0 - poly_tomont_0
Adding component instance block -- xilinx.com:user:polyvec_reduce:1.0 - polyvec_reduce_0
Adding component instance block -- xilinx.com:user:timer2:1.0 - timer2_0
Adding component instance block -- xilinx.com:user:double_signal_multiplexer:1.0 - double_signal_multip_8
Adding component instance block -- xilinx.com:user:double_signal_multiplexer:1.0 - double_signal_multip_9
Adding component instance block -- xilinx.com:user:double_signal_multiplexer:1.0 - double_signal_multip_10
Adding component instance block -- xilinx.com:user:double_signal_multiplexer:1.0 - double_signal_multip_11
Adding component instance block -- xilinx.com:user:double_signal_multiplexer:1.0 - double_signal_multip_12
Adding component instance block -- xilinx.com:user:double_signal_multiplexer:1.0 - double_signal_multip_13
Adding component instance block -- xilinx.com:user:fqmul:1.0 - fqmul_6
Adding component instance block -- xilinx.com:user:fqmul:1.0 - fqmul_7
Adding component instance block -- xilinx.com:user:montgomery_reduction:1.0 - montgomery_reduction_6
Adding component instance block -- xilinx.com:user:montgomery_reduction:1.0 - montgomery_reduction_7
Adding component instance block -- xilinx.com:user:barrett_reduce:1.0 - barrett_reduce_2
Adding component instance block -- xilinx.com:user:barrett_reduce:1.0 - barrett_reduce_3
Adding component instance block -- xilinx.com:ip:axi_gpio:2.0 - axi_gpio_4
Adding component instance block -- xilinx.com:user:polyvec_ntt:1.0 - polyvec_ntt_0
Adding component instance block -- xilinx.com:user:double_signal_multiplexer:1.0 - double_signal_multip_14
Adding component instance block -- xilinx.com:user:double_signal_multiplexer:1.0 - double_signal_multip_15
Adding component instance block -- xilinx.com:user:double_signal_multiplexer:1.0 - double_signal_multip_16
Adding component instance block -- xilinx.com:user:double_signal_multiplexer:1.0 - double_signal_multip_17
Adding component instance block -- xilinx.com:user:double_signal_multiplexer:1.0 - double_signal_multip_18
Adding component instance block -- xilinx.com:user:double_signal_multiplexer:1.0 - double_signal_multip_19
Adding component instance block -- xilinx.com:user:double_signal_multiplexer:1.0 - double_signal_multip_20
Adding component instance block -- xilinx.com:user:double_signal_multiplexer:1.0 - double_signal_multip_21
Adding component instance block -- xilinx.com:user:double_signal_multiplexer:1.0 - double_signal_multip_22
Adding component instance block -- xilinx.com:user:double_signal_multiplexer:1.0 - double_signal_multip_23
Adding component instance block -- xilinx.com:user:double_signal_multiplexer:1.0 - double_signal_multip_24
Adding component instance block -- xilinx.com:user:double_signal_multiplexer:1.0 - double_signal_multip_25
Adding component instance block -- xilinx.com:user:double_signal_multiplexer:1.0 - double_signal_multip_26
Adding component instance block -- xilinx.com:user:double_signal_multiplexer:1.0 - double_signal_multip_27
Adding component instance block -- xilinx.com:user:polyvec_basemul_acc_montgomery:1.0 - polyvec_basemul_acc_0
Successfully read diagram <kyberBD> from BD file <C:/Projects/kyber-fpga - Copy/kyber-fpga.srcs/sources_1/bd/kyberBD/kyberBD.bd>
open_bd_design: Time (s): cpu = 00:00:17 ; elapsed = 00:00:15 . Memory (MB): peak = 867.957 ; gain = 61.629
launch_sdk -workspace {C:/Projects/kyber-fpga - Copy/kyber-fpga.sdk} -hwspec {C:/Projects/kyber-fpga - Copy/kyber-fpga.sdk/kyberBD_wrapper.hdf}
INFO: [Vivado 12-393] Launching SDK...
INFO: [Vivado 12-417] Running xsdk -workspace C:/Projects/kyber-fpga - Copy/kyber-fpga.sdk -hwspec C:/Projects/kyber-fpga - Copy/kyber-fpga.sdk/kyberBD_wrapper.hdf
INFO: [Vivado 12-3157] SDK launch initiated. Please check console for any further messages.
exit
INFO: [Common 17-206] Exiting Vivado at Mon Mar  1 13:53:00 2021...
