#-----------------------------------------------------------
# Vivado v2019.1 (64-bit)
# SW Build 2552052 on Fri May 24 14:49:42 MDT 2019
# IP Build 2548770 on Fri May 24 18:01:18 MDT 2019
# Start of session at: Mon Feb 15 14:47:31 2021
# Process ID: 10116
# Current directory: C:/Projects/kyber-fpga
# Command line: vivado.exe -gui_launcher_event rodinguilauncherevent15664 C:\Projects\kyber-fpga\kyber-fpga.xpr
# Log file: C:/Projects/kyber-fpga/vivado.log
# Journal file: C:/Projects/kyber-fpga\vivado.jou
#-----------------------------------------------------------
start_gui
open_project C:/Projects/kyber-fpga/kyber-fpga.xpr
Scanning sources...
Finished scanning sources
WARNING: [filemgmt 56-3] IP Repository Path: Could not find the directory 'C:/Projects/ip_repo/signal_multiplexer_1.0'.
INFO: [IP_Flow 19-234] Refreshing IP repositories
WARNING: [IP_Flow 19-3685] Ignored loading user repository 'c:/Projects/ip_repo/dual_bram_1.0'. The path is contained within another repository.
WARNING: [IP_Flow 19-3685] Ignored loading user repository 'c:/Projects/ip_repo/poly_tomont_1.0'. The path is contained within another repository.
WARNING: [IP_Flow 19-3685] Ignored loading user repository 'c:/Projects/ip_repo/triple_signal_multiplexer_1.0'. The path is contained within another repository.
WARNING: [IP_Flow 19-3685] Ignored loading user repository 'c:/Projects/ip_repo/double_signal_multiplexer_1.0'. The path is contained within another repository.
WARNING: [IP_Flow 19-3685] Ignored loading user repository 'c:/Projects/ip_repo/signal_multiplexer_1.0'. The path is contained within another repository.
WARNING: [IP_Flow 19-3685] Ignored loading user repository 'c:/Projects/ip_repo/bram_port_selector_1.0'. The path is contained within another repository.
WARNING: [IP_Flow 19-3685] Ignored loading user repository 'c:/Projects/ip_repo/bram_mm_1.0'. The path is contained within another repository.
WARNING: [IP_Flow 19-3685] Ignored loading user repository 'c:/Projects/ip_repo/fqmul_1.0'. The path is contained within another repository.
WARNING: [IP_Flow 19-3685] Ignored loading user repository 'c:/Projects/ip_repo/splitter_1.0'. The path is contained within another repository.
WARNING: [IP_Flow 19-3685] Ignored loading user repository 'c:/Projects/ip_repo/montgomery_reduction_1.0'. The path is contained within another repository.
WARNING: [IP_Flow 19-3685] Ignored loading user repository 'c:/Projects/ip_repo/timer2_1.0'. The path is contained within another repository.
INFO: [IP_Flow 19-1700] Loaded user IP repository 'c:/Projects/ip_repo'.
INFO: [IP_Flow 19-2313] Loaded Vivado IP repository 'C:/Xilinx/Vivado/2019.1/data/ip'.
open_project: Time (s): cpu = 00:00:32 ; elapsed = 00:00:15 . Memory (MB): peak = 731.172 ; gain = 115.852
update_compile_order -fileset sources_1
open_bd_design {C:/Projects/kyber-fpga/kyber-fpga.srcs/sources_1/bd/kyberBD/kyberBD.bd}
Adding component instance block -- xilinx.com:ip:processing_system7:5.5 - processing_system7_0
Adding component instance block -- xilinx.com:ip:proc_sys_reset:5.0 - proc_sys_reset_0
Adding component instance block -- xilinx.com:ip:axi_interconnect:2.1 - axi_interconnect_0
Adding component instance block -- xilinx.com:ip:axi_crossbar:2.1 - xbar
Adding component instance block -- xilinx.com:ip:axi_protocol_converter:2.1 - auto_pc
Adding component instance block -- xilinx.com:ip:axi_gpio:2.0 - axi_gpio_0
Adding component instance block -- xilinx.com:user:timer2:1.0 - timer2_0
Adding component instance block -- xilinx.com:ip:axi_gpio:2.0 - axi_gpio_1
Adding component instance block -- xilinx.com:user:montgomery_reduction:1.0 - montgomery_reduction_0
Adding component instance block -- xilinx.com:user:bram_port_selector:1.0 - bram_port_selector_0
Adding component instance block -- xilinx.com:user:bram_port_selector:1.0 - bram_port_selector_1
Adding component instance block -- xilinx.com:user:double_signal_multiplexer:1.0 - double_signal_multip_0
Adding component instance block -- xilinx.com:user:double_signal_multiplexer:1.0 - double_signal_multip_1
Adding component instance block -- xilinx.com:user:montgomery_reduction:1.0 - montgomery_reduction_1
Adding component instance block -- xilinx.com:user:dual_bram:1.0 - dual_bram_0
Adding component instance block -- xilinx.com:user:poly_tomont:1.0 - poly_tomont_0
WARNING: [BD 41-1731] Type mismatch between connected pins: /processing_system7_0/FCLK_CLK0(clk) and /montgomery_reduction_0/clk(undef)
WARNING: [BD 41-1731] Type mismatch between connected pins: /processing_system7_0/FCLK_CLK0(clk) and /montgomery_reduction_1/clk(undef)
Successfully read diagram <kyberBD> from BD file <C:/Projects/kyber-fpga/kyber-fpga.srcs/sources_1/bd/kyberBD/kyberBD.bd>
open_bd_design: Time (s): cpu = 00:00:14 ; elapsed = 00:00:10 . Memory (MB): peak = 875.586 ; gain = 80.562
create_peripheral xilinx.com user barret_reduce 1.0 -dir C:/Projects/kyber-fpga/../ip_repo
add_peripheral_interface S00_AXI -interface_mode slave -axi_type lite [ipx::find_open_core xilinx.com:user:barret_reduce:1.0]
generate_peripheral -driver -bfm_example_design -debug_hw_example_design [ipx::find_open_core xilinx.com:user:barret_reduce:1.0]
write_peripheral [ipx::find_open_core xilinx.com:user:barret_reduce:1.0]
set_property  ip_repo_paths  {C:/Projects/kyber-fpga/../ip_repo/barret_reduce_1.0 C:/Projects/ip_repo/dual_bram_1.0 C:/Projects/ip_repo/poly_tomont_1.0 C:/Projects/ip_repo/triple_signal_multiplexer_1.0 C:/Projects/ip_repo/double_signal_multiplexer_1.0 C:/Projects/ip_repo/signal_multiplexer_1.0 C:/Projects/ip_repo/bram_port_selector_1.0 C:/Projects/ip_repo/bram_mm_1.0 C:/Projects/ip_repo/fqmul_1.0 C:/Projects/ip_repo/splitter_1.0 C:/Projects/ip_repo/montgomery_reduction_1.0 C:/Projects/ip_repo/timer2_1.0 C:/Projects/ip_repo} [current_project]
update_ip_catalog -rebuild
INFO: [IP_Flow 19-234] Refreshing IP repositories
WARNING: [IP_Flow 19-3685] Ignored loading user repository 'c:/Projects/ip_repo/barret_reduce_1.0'. The path is contained within another repository.
WARNING: [IP_Flow 19-3685] Ignored loading user repository 'c:/Projects/ip_repo/dual_bram_1.0'. The path is contained within another repository.
WARNING: [IP_Flow 19-3685] Ignored loading user repository 'c:/Projects/ip_repo/poly_tomont_1.0'. The path is contained within another repository.
WARNING: [IP_Flow 19-3685] Ignored loading user repository 'c:/Projects/ip_repo/triple_signal_multiplexer_1.0'. The path is contained within another repository.
WARNING: [IP_Flow 19-3685] Ignored loading user repository 'c:/Projects/ip_repo/double_signal_multiplexer_1.0'. The path is contained within another repository.
WARNING: [IP_Flow 19-3685] Ignored loading user repository 'c:/Projects/ip_repo/signal_multiplexer_1.0'. The path is contained within another repository.
WARNING: [IP_Flow 19-3685] Ignored loading user repository 'c:/Projects/ip_repo/bram_port_selector_1.0'. The path is contained within another repository.
WARNING: [IP_Flow 19-3685] Ignored loading user repository 'c:/Projects/ip_repo/bram_mm_1.0'. The path is contained within another repository.
WARNING: [IP_Flow 19-3685] Ignored loading user repository 'c:/Projects/ip_repo/fqmul_1.0'. The path is contained within another repository.
WARNING: [IP_Flow 19-3685] Ignored loading user repository 'c:/Projects/ip_repo/splitter_1.0'. The path is contained within another repository.
WARNING: [IP_Flow 19-3685] Ignored loading user repository 'c:/Projects/ip_repo/montgomery_reduction_1.0'. The path is contained within another repository.
WARNING: [IP_Flow 19-3685] Ignored loading user repository 'c:/Projects/ip_repo/timer2_1.0'. The path is contained within another repository.
INFO: [IP_Flow 19-1700] Loaded user IP repository 'c:/Projects/ip_repo'.
startgroup
create_bd_cell -type ip -vlnv xilinx.com:user:barret_reduce:1.0 barret_reduce_0
endgroup
ipx::edit_ip_in_project -upgrade true -name barret_reduce_v1_0_project -directory C:/Projects/kyber-fpga/kyber-fpga.tmp/barret_reduce_v1_0_project c:/Projects/ip_repo/barret_reduce_1.0/component.xml
INFO: [IP_Flow 19-234] Refreshing IP repositories
INFO: [IP_Flow 19-1704] No user IP repositories specified
INFO: [IP_Flow 19-2313] Loaded Vivado IP repository 'C:/Xilinx/Vivado/2019.1/data/ip'.
create_project: Time (s): cpu = 00:00:11 ; elapsed = 00:00:07 . Memory (MB): peak = 930.355 ; gain = 31.137
INFO: [IP_Flow 19-234] Refreshing IP repositories
WARNING: [IP_Flow 19-3685] Ignored loading user repository 'c:/Projects/ip_repo/barret_reduce_1.0'. The path is contained within another repository.
WARNING: [IP_Flow 19-3685] Ignored loading user repository 'c:/Projects/ip_repo/dual_bram_1.0'. The path is contained within another repository.
WARNING: [IP_Flow 19-3685] Ignored loading user repository 'c:/Projects/ip_repo/poly_tomont_1.0'. The path is contained within another repository.
WARNING: [IP_Flow 19-3685] Ignored loading user repository 'c:/Projects/ip_repo/triple_signal_multiplexer_1.0'. The path is contained within another repository.
WARNING: [IP_Flow 19-3685] Ignored loading user repository 'c:/Projects/ip_repo/double_signal_multiplexer_1.0'. The path is contained within another repository.
WARNING: [IP_Flow 19-3685] Ignored loading user repository 'c:/Projects/ip_repo/signal_multiplexer_1.0'. The path is contained within another repository.
WARNING: [IP_Flow 19-3685] Ignored loading user repository 'c:/Projects/ip_repo/bram_port_selector_1.0'. The path is contained within another repository.
WARNING: [IP_Flow 19-3685] Ignored loading user repository 'c:/Projects/ip_repo/bram_mm_1.0'. The path is contained within another repository.
WARNING: [IP_Flow 19-3685] Ignored loading user repository 'c:/Projects/ip_repo/fqmul_1.0'. The path is contained within another repository.
WARNING: [IP_Flow 19-3685] Ignored loading user repository 'c:/Projects/ip_repo/splitter_1.0'. The path is contained within another repository.
WARNING: [IP_Flow 19-3685] Ignored loading user repository 'c:/Projects/ip_repo/montgomery_reduction_1.0'. The path is contained within another repository.
WARNING: [IP_Flow 19-3685] Ignored loading user repository 'c:/Projects/ip_repo/timer2_1.0'. The path is contained within another repository.
INFO: [IP_Flow 19-1700] Loaded user IP repository 'c:/Projects/ip_repo'.
INFO: [IP_Flow 19-795] Syncing license key meta-data
ipx::edit_ip_in_project: Time (s): cpu = 00:00:15 ; elapsed = 00:00:10 . Memory (MB): peak = 948.250 ; gain = 49.031
update_compile_order -fileset sources_1
update_compile_order -fileset sources_1
update_compile_order -fileset sources_1
set_property library work [get_files  c:/Projects/ip_repo/barret_reduce_1.0/hdl/barret_reduce_v1_0.vhd]
export_ip_user_files -of_objects  [get_files c:/Projects/ip_repo/barret_reduce_1.0/hdl/barret_reduce_v1_0_S00_AXI.vhd] -no_script -reset -force -quiet
remove_files  c:/Projects/ip_repo/barret_reduce_1.0/hdl/barret_reduce_v1_0_S00_AXI.vhd
set_property SOURCE_SET sources_1 [get_filesets sim_1]
close [ open C:/Projects/ip_repo/barret_reduce_1.0/hdl/testbench.vhd w ]
add_files -fileset sim_1 C:/Projects/ip_repo/barret_reduce_1.0/hdl/testbench.vhd
update_compile_order -fileset sim_1
update_compile_order -fileset sim_1
launch_simulation
INFO: [Vivado 12-5682] Launching behavioral simulation in 'c:/projects/kyber-fpga/kyber-fpga.tmp/barret_reduce_v1_0_project/barret_reduce_v1_0_project.sim/sim_1/behav/xsim'
INFO: [SIM-utils-51] Simulation object is 'sim_1'
INFO: [SIM-utils-54] Inspecting design source files for 'testbench' in fileset 'sim_1'...
INFO: [USF-XSim-97] Finding global include files...
INFO: [USF-XSim-98] Fetching design files from 'sim_1'...
INFO: [USF-XSim-2] XSim::Compile design
INFO: [USF-XSim-61] Executing 'COMPILE and ANALYZE' step in 'c:/projects/kyber-fpga/kyber-fpga.tmp/barret_reduce_v1_0_project/barret_reduce_v1_0_project.sim/sim_1/behav/xsim'
"xvhdl --incr --relax -prj testbench_vhdl.prj"
INFO: [VRFC 10-163] Analyzing VHDL file "c:/projects/ip_repo/barret_reduce_1.0/hdl/barret_reduce_v1_0.vhd" into library work
INFO: [VRFC 10-3107] analyzing entity 'barret_reduce_v1_0'
INFO: [VRFC 10-163] Analyzing VHDL file "c:/projects/ip_repo/barret_reduce_1.0/hdl/testbench.vhd" into library xil_defaultlib
INFO: [VRFC 10-3107] analyzing entity 'testbench'
INFO: [USF-XSim-69] 'compile' step finished in '3' seconds
INFO: [USF-XSim-3] XSim::Elaborate design
INFO: [USF-XSim-61] Executing 'ELABORATE' step in 'c:/projects/kyber-fpga/kyber-fpga.tmp/barret_reduce_v1_0_project/barret_reduce_v1_0_project.sim/sim_1/behav/xsim'
"xelab -wto 79ea5bba7c5f4c7081e7e25dceabfc04 --incr --debug typical --relax --mt 2 -L work -L xil_defaultlib -L secureip --snapshot testbench_behav xil_defaultlib.testbench -log elaborate.log"
Vivado Simulator 2019.1
Copyright 1986-1999, 2001-2019 Xilinx, Inc. All Rights Reserved.
Running: C:/Xilinx/Vivado/2019.1/bin/unwrapped/win64.o/xelab.exe -wto 79ea5bba7c5f4c7081e7e25dceabfc04 --incr --debug typical --relax --mt 2 -L work -L xil_defaultlib -L secureip --snapshot testbench_behav xil_defaultlib.testbench -log elaborate.log 
Using 2 slave threads.
Starting static elaboration
ERROR: [VRFC 10-664] expression has 6 elements ; expected 16 [c:/projects/ip_repo/barret_reduce_1.0/hdl/barret_reduce_v1_0.vhd:29]
ERROR: [XSIM 43-3321] Static elaboration of top level VHDL design unit testbench in library work failed.
INFO: [USF-XSim-69] 'elaborate' step finished in '3' seconds
INFO: [USF-XSim-99] Step results log file:'C:/Projects/kyber-fpga/kyber-fpga.tmp/barret_reduce_v1_0_project/barret_reduce_v1_0_project.sim/sim_1/behav/xsim/elaborate.log'
ERROR: [USF-XSim-62] 'elaborate' step failed with error(s). Please check the Tcl console output or 'C:/Projects/kyber-fpga/kyber-fpga.tmp/barret_reduce_v1_0_project/barret_reduce_v1_0_project.sim/sim_1/behav/xsim/elaborate.log' file for more information.
ERROR: [Vivado 12-4473] Detected error while running simulation. Please correct the issue and retry this operation.
launch_simulation: Time (s): cpu = 00:00:01 ; elapsed = 00:00:07 . Memory (MB): peak = 988.770 ; gain = 0.000
ERROR: [Common 17-39] 'launch_simulation' failed due to earlier errors.
launch_simulation
INFO: [Vivado 12-5682] Launching behavioral simulation in 'c:/projects/kyber-fpga/kyber-fpga.tmp/barret_reduce_v1_0_project/barret_reduce_v1_0_project.sim/sim_1/behav/xsim'
INFO: [SIM-utils-51] Simulation object is 'sim_1'
INFO: [SIM-utils-54] Inspecting design source files for 'testbench' in fileset 'sim_1'...
INFO: [USF-XSim-97] Finding global include files...
INFO: [USF-XSim-98] Fetching design files from 'sim_1'...
INFO: [USF-XSim-2] XSim::Compile design
INFO: [USF-XSim-61] Executing 'COMPILE and ANALYZE' step in 'c:/projects/kyber-fpga/kyber-fpga.tmp/barret_reduce_v1_0_project/barret_reduce_v1_0_project.sim/sim_1/behav/xsim'
"xvhdl --incr --relax -prj testbench_vhdl.prj"
INFO: [VRFC 10-163] Analyzing VHDL file "c:/projects/ip_repo/barret_reduce_1.0/hdl/testbench.vhd" into library xil_defaultlib
INFO: [VRFC 10-3107] analyzing entity 'testbench'
INFO: [USF-XSim-69] 'compile' step finished in '3' seconds
INFO: [USF-XSim-3] XSim::Elaborate design
INFO: [USF-XSim-61] Executing 'ELABORATE' step in 'c:/projects/kyber-fpga/kyber-fpga.tmp/barret_reduce_v1_0_project/barret_reduce_v1_0_project.sim/sim_1/behav/xsim'
"xelab -wto 79ea5bba7c5f4c7081e7e25dceabfc04 --incr --debug typical --relax --mt 2 -L work -L xil_defaultlib -L secureip --snapshot testbench_behav xil_defaultlib.testbench -log elaborate.log"
Vivado Simulator 2019.1
Copyright 1986-1999, 2001-2019 Xilinx, Inc. All Rights Reserved.
Running: C:/Xilinx/Vivado/2019.1/bin/unwrapped/win64.o/xelab.exe -wto 79ea5bba7c5f4c7081e7e25dceabfc04 --incr --debug typical --relax --mt 2 -L work -L xil_defaultlib -L secureip --snapshot testbench_behav xil_defaultlib.testbench -log elaborate.log 
Using 2 slave threads.
Starting static elaboration
ERROR: [VRFC 10-664] expression has 6 elements ; expected 16 [c:/projects/ip_repo/barret_reduce_1.0/hdl/barret_reduce_v1_0.vhd:29]
ERROR: [XSIM 43-3321] Static elaboration of top level VHDL design unit testbench in library work failed.
INFO: [USF-XSim-69] 'elaborate' step finished in '3' seconds
INFO: [USF-XSim-99] Step results log file:'C:/Projects/kyber-fpga/kyber-fpga.tmp/barret_reduce_v1_0_project/barret_reduce_v1_0_project.sim/sim_1/behav/xsim/elaborate.log'
ERROR: [USF-XSim-62] 'elaborate' step failed with error(s). Please check the Tcl console output or 'C:/Projects/kyber-fpga/kyber-fpga.tmp/barret_reduce_v1_0_project/barret_reduce_v1_0_project.sim/sim_1/behav/xsim/elaborate.log' file for more information.
ERROR: [Vivado 12-4473] Detected error while running simulation. Please correct the issue and retry this operation.
launch_simulation: Time (s): cpu = 00:00:01 ; elapsed = 00:00:06 . Memory (MB): peak = 994.590 ; gain = 0.000
ERROR: [Common 17-39] 'launch_simulation' failed due to earlier errors.
launch_simulation
INFO: [Vivado 12-5682] Launching behavioral simulation in 'c:/projects/kyber-fpga/kyber-fpga.tmp/barret_reduce_v1_0_project/barret_reduce_v1_0_project.sim/sim_1/behav/xsim'
INFO: [SIM-utils-51] Simulation object is 'sim_1'
INFO: [SIM-utils-54] Inspecting design source files for 'testbench' in fileset 'sim_1'...
INFO: [USF-XSim-97] Finding global include files...
INFO: [USF-XSim-98] Fetching design files from 'sim_1'...
INFO: [USF-XSim-2] XSim::Compile design
INFO: [USF-XSim-61] Executing 'COMPILE and ANALYZE' step in 'c:/projects/kyber-fpga/kyber-fpga.tmp/barret_reduce_v1_0_project/barret_reduce_v1_0_project.sim/sim_1/behav/xsim'
"xvhdl --incr --relax -prj testbench_vhdl.prj"
INFO: [VRFC 10-163] Analyzing VHDL file "c:/projects/ip_repo/barret_reduce_1.0/hdl/barret_reduce_v1_0.vhd" into library work
INFO: [VRFC 10-3107] analyzing entity 'barret_reduce_v1_0'
INFO: [USF-XSim-69] 'compile' step finished in '3' seconds
INFO: [USF-XSim-3] XSim::Elaborate design
INFO: [USF-XSim-61] Executing 'ELABORATE' step in 'c:/projects/kyber-fpga/kyber-fpga.tmp/barret_reduce_v1_0_project/barret_reduce_v1_0_project.sim/sim_1/behav/xsim'
"xelab -wto 79ea5bba7c5f4c7081e7e25dceabfc04 --incr --debug typical --relax --mt 2 -L work -L xil_defaultlib -L secureip --snapshot testbench_behav xil_defaultlib.testbench -log elaborate.log"
Vivado Simulator 2019.1
Copyright 1986-1999, 2001-2019 Xilinx, Inc. All Rights Reserved.
Running: C:/Xilinx/Vivado/2019.1/bin/unwrapped/win64.o/xelab.exe -wto 79ea5bba7c5f4c7081e7e25dceabfc04 --incr --debug typical --relax --mt 2 -L work -L xil_defaultlib -L secureip --snapshot testbench_behav xil_defaultlib.testbench -log elaborate.log 
Using 2 slave threads.
Starting static elaboration
Completed static elaboration
Starting simulation data flow analysis
Completed simulation data flow analysis
Time Resolution for simulation is 1ps
Compiling package std.standard
Compiling package std.textio
Compiling package ieee.std_logic_1164
Compiling package ieee.numeric_std
Compiling architecture arch_imp of entity work.barret_reduce_v1_0 [barret_reduce_v1_0_default]
Compiling architecture behavioral of entity xil_defaultlib.testbench
Built simulation snapshot testbench_behav

****** Webtalk v2019.1 (64-bit)
  **** SW Build 2552052 on Fri May 24 14:49:42 MDT 2019
  **** IP Build 2548770 on Fri May 24 18:01:18 MDT 2019
    ** Copyright 1986-2019 Xilinx, Inc. All Rights Reserved.

source c:/projects/kyber-fpga/kyber-fpga.tmp/barret_reduce_v1_0_project/barret_reduce_v1_0_project.sim/sim_1/behav/xsim/xsim.dir/testbench_behav/webtalk/xsim_webtalk.tcl -notrace
INFO: [Common 17-186] 'c:/projects/kyber-fpga/kyber-fpga.tmp/barret_reduce_v1_0_project/barret_reduce_v1_0_project.sim/sim_1/behav/xsim/xsim.dir/testbench_behav/webtalk/usage_statistics_ext_xsim.xml' has been successfully sent to Xilinx on Mon Feb 15 15:09:02 2021. For additional details about this file, please refer to the WebTalk help file at C:/Xilinx/Vivado/2019.1/doc/webtalk_introduction.html.
INFO: [Common 17-206] Exiting Webtalk at Mon Feb 15 15:09:02 2021...
run_program: Time (s): cpu = 00:00:01 ; elapsed = 00:00:13 . Memory (MB): peak = 994.590 ; gain = 0.000
INFO: [USF-XSim-69] 'elaborate' step finished in '13' seconds
INFO: [USF-XSim-4] XSim::Simulate design
INFO: [USF-XSim-61] Executing 'SIMULATE' step in 'c:/projects/kyber-fpga/kyber-fpga.tmp/barret_reduce_v1_0_project/barret_reduce_v1_0_project.sim/sim_1/behav/xsim'
INFO: [USF-XSim-98] *** Running xsim
   with args "testbench_behav -key {Behavioral:sim_1:Functional:testbench} -tclbatch {testbench.tcl} -log {simulate.log}"
INFO: [USF-XSim-8] Loading simulator feature
Vivado Simulator 2019.1
Time resolution is 1 ps
source testbench.tcl
# set curr_wave [current_wave_config]
# if { [string length $curr_wave] == 0 } {
#   if { [llength [get_objects]] > 0} {
#     add_wave /
#     set_property needs_save false [current_wave_config]
#   } else {
#      send_msg_id Add_Wave-1 WARNING "No top level signals found. Simulator will start without a wave window. If you want to open a wave window go to 'File->New Waveform Configuration' or type 'create_wave_config' in the TCL console."
#   }
# }
# run 1000ns
ERROR: Array sizes do not match, left array has 16 elements, right array has 32 elements
Time: 0 ps  Iteration: 0  Process: /testbench/uut/line__30
  File: c:/projects/ip_repo/barret_reduce_1.0/hdl/barret_reduce_v1_0.vhd

HDL Line: c:/projects/ip_repo/barret_reduce_1.0/hdl/barret_reduce_v1_0.vhd:30
INFO: [USF-XSim-96] XSim completed. Design snapshot 'testbench_behav' loaded.
INFO: [USF-XSim-97] XSim simulation ran for 1000ns
launch_simulation: Time (s): cpu = 00:00:14 ; elapsed = 00:00:22 . Memory (MB): peak = 1081.812 ; gain = 87.223
run 10 us
ERROR: [Simulator 45-1] A fatal run-time error was detected.  Simulation cannot continue.
save_wave_config {C:/Projects/kyber-fpga/testbench_behav_barret_reduce.wcfg}
add_files -fileset sim_1 -norecurse C:/Projects/kyber-fpga/testbench_behav_barret_reduce.wcfg
set_property xsim.view C:/Projects/kyber-fpga/testbench_behav_barret_reduce.wcfg [get_filesets sim_1]
close_sim
INFO: [Simtcl 6-16] Simulation closed
close_sim: Time (s): cpu = 00:00:01 ; elapsed = 00:00:09 . Memory (MB): peak = 1081.812 ; gain = 0.000
launch_simulation
INFO: [Vivado 12-5682] Launching behavioral simulation in 'c:/projects/kyber-fpga/kyber-fpga.tmp/barret_reduce_v1_0_project/barret_reduce_v1_0_project.sim/sim_1/behav/xsim'
INFO: [SIM-utils-51] Simulation object is 'sim_1'
INFO: [SIM-utils-54] Inspecting design source files for 'testbench' in fileset 'sim_1'...
INFO: [USF-XSim-97] Finding global include files...
INFO: [USF-XSim-98] Fetching design files from 'sim_1'...
INFO: [USF-XSim-2] XSim::Compile design
INFO: [USF-XSim-61] Executing 'COMPILE and ANALYZE' step in 'c:/projects/kyber-fpga/kyber-fpga.tmp/barret_reduce_v1_0_project/barret_reduce_v1_0_project.sim/sim_1/behav/xsim'
"xvhdl --incr --relax -prj testbench_vhdl.prj"
INFO: [VRFC 10-163] Analyzing VHDL file "c:/projects/ip_repo/barret_reduce_1.0/hdl/barret_reduce_v1_0.vhd" into library work
INFO: [VRFC 10-3107] analyzing entity 'barret_reduce_v1_0'
INFO: [USF-XSim-69] 'compile' step finished in '2' seconds
INFO: [USF-XSim-3] XSim::Elaborate design
