#-----------------------------------------------------------
# Vivado v2019.1 (64-bit)
# SW Build 2552052 on Fri May 24 14:49:42 MDT 2019
# IP Build 2548770 on Fri May 24 18:01:18 MDT 2019
# Start of session at: Mon Feb 15 17:56:17 2021
# Process ID: 21660
# Current directory: C:/Projects/kyber-fpga
# Command line: vivado.exe -gui_launcher_event rodinguilauncherevent7364 C:\Projects\kyber-fpga\kyber-fpga.xpr
# Log file: C:/Projects/kyber-fpga/vivado.log
# Journal file: C:/Projects/kyber-fpga\vivado.jou
#-----------------------------------------------------------
start_gui
open_project C:/Projects/kyber-fpga/kyber-fpga.xpr
Scanning sources...
Finished scanning sources
WARNING: [filemgmt 56-3] IP Repository Path: Could not find the directory 'C:/Projects/ip_repo/signal_multiplexer_1.0'.
INFO: [IP_Flow 19-234] Refreshing IP repositories
WARNING: [IP_Flow 19-3685] Ignored loading user repository 'c:/Projects/ip_repo/barret_reduce_1.0'. The path is contained within another repository.
WARNING: [IP_Flow 19-3685] Ignored loading user repository 'c:/Projects/ip_repo/dual_bram_1.0'. The path is contained within another repository.
WARNING: [IP_Flow 19-3685] Ignored loading user repository 'c:/Projects/ip_repo/poly_tomont_1.0'. The path is contained within another repository.
WARNING: [IP_Flow 19-3685] Ignored loading user repository 'c:/Projects/ip_repo/triple_signal_multiplexer_1.0'. The path is contained within another repository.
WARNING: [IP_Flow 19-3685] Ignored loading user repository 'c:/Projects/ip_repo/double_signal_multiplexer_1.0'. The path is contained within another repository.
WARNING: [IP_Flow 19-3685] Ignored loading user repository 'c:/Projects/ip_repo/signal_multiplexer_1.0'. The path is contained within another repository.
WARNING: [IP_Flow 19-3685] Ignored loading user repository 'c:/Projects/ip_repo/bram_port_selector_1.0'. The path is contained within another repository.
WARNING: [IP_Flow 19-3685] Ignored loading user repository 'c:/Projects/ip_repo/bram_mm_1.0'. The path is contained within another repository.
WARNING: [IP_Flow 19-3685] Ignored loading user repository 'c:/Projects/ip_repo/fqmul_1.0'. The path is contained within another repository.
WARNING: [IP_Flow 19-3685] Ignored loading user repository 'c:/Projects/ip_repo/splitter_1.0'. The path is contained within another repository.
WARNING: [IP_Flow 19-3685] Ignored loading user repository 'c:/Projects/ip_repo/montgomery_reduction_1.0'. The path is contained within another repository.
WARNING: [IP_Flow 19-3685] Ignored loading user repository 'c:/Projects/ip_repo/timer2_1.0'. The path is contained within another repository.
INFO: [IP_Flow 19-1700] Loaded user IP repository 'c:/Projects/ip_repo'.
INFO: [IP_Flow 19-2313] Loaded Vivado IP repository 'C:/Xilinx/Vivado/2019.1/data/ip'.
open_project: Time (s): cpu = 00:00:22 ; elapsed = 00:00:10 . Memory (MB): peak = 776.410 ; gain = 180.219
update_compile_order -fileset sources_1
open_bd_design {C:/Projects/kyber-fpga/kyber-fpga.srcs/sources_1/bd/kyberBD/kyberBD.bd}
Adding component instance block -- xilinx.com:ip:processing_system7:5.5 - processing_system7_0
Adding component instance block -- xilinx.com:ip:proc_sys_reset:5.0 - proc_sys_reset_0
Adding component instance block -- xilinx.com:ip:axi_interconnect:2.1 - axi_interconnect_0
Adding component instance block -- xilinx.com:ip:axi_crossbar:2.1 - xbar
Adding component instance block -- xilinx.com:ip:axi_protocol_converter:2.1 - auto_pc
Adding component instance block -- xilinx.com:ip:axi_gpio:2.0 - axi_gpio_0
Adding component instance block -- xilinx.com:user:timer2:1.0 - timer2_0
Adding component instance block -- xilinx.com:ip:axi_gpio:2.0 - axi_gpio_1
Adding component instance block -- xilinx.com:user:montgomery_reduction:1.0 - montgomery_reduction_0
Adding component instance block -- xilinx.com:user:bram_port_selector:1.0 - bram_port_selector_0
Adding component instance block -- xilinx.com:user:bram_port_selector:1.0 - bram_port_selector_1
Adding component instance block -- xilinx.com:user:double_signal_multiplexer:1.0 - double_signal_multip_0
Adding component instance block -- xilinx.com:user:double_signal_multiplexer:1.0 - double_signal_multip_1
Adding component instance block -- xilinx.com:user:montgomery_reduction:1.0 - montgomery_reduction_1
Adding component instance block -- xilinx.com:user:dual_bram:1.0 - dual_bram_0
Adding component instance block -- xilinx.com:user:poly_tomont:1.0 - poly_tomont_0
Adding component instance block -- xilinx.com:user:barret_reduce:1.0 - barret_reduce_0
Adding component instance block -- xilinx.com:ip:axi_gpio:2.0 - axi_gpio_2
WARNING: [BD 41-1731] Type mismatch between connected pins: /processing_system7_0/FCLK_CLK0(clk) and /montgomery_reduction_0/clk(undef)
WARNING: [BD 41-1731] Type mismatch between connected pins: /processing_system7_0/FCLK_CLK0(clk) and /montgomery_reduction_1/clk(undef)
Successfully read diagram <kyberBD> from BD file <C:/Projects/kyber-fpga/kyber-fpga.srcs/sources_1/bd/kyberBD/kyberBD.bd>
open_bd_design: Time (s): cpu = 00:00:16 ; elapsed = 00:00:13 . Memory (MB): peak = 883.664 ; gain = 90.422
ipx::edit_ip_in_project -upgrade true -name dual_bram_v1_0_project -directory C:/Projects/kyber-fpga/kyber-fpga.tmp/dual_bram_v1_0_project c:/Projects/ip_repo/dual_bram_1.0/component.xml
INFO: [IP_Flow 19-234] Refreshing IP repositories
INFO: [IP_Flow 19-1704] No user IP repositories specified
INFO: [IP_Flow 19-2313] Loaded Vivado IP repository 'C:/Xilinx/Vivado/2019.1/data/ip'.
create_project: Time (s): cpu = 00:00:14 ; elapsed = 00:00:07 . Memory (MB): peak = 933.492 ; gain = 29.402
INFO: [IP_Flow 19-234] Refreshing IP repositories
WARNING: [IP_Flow 19-3685] Ignored loading user repository 'c:/Projects/ip_repo/barret_reduce_1.0'. The path is contained within another repository.
WARNING: [IP_Flow 19-3685] Ignored loading user repository 'c:/Projects/ip_repo/dual_bram_1.0'. The path is contained within another repository.
WARNING: [IP_Flow 19-3685] Ignored loading user repository 'c:/Projects/ip_repo/poly_tomont_1.0'. The path is contained within another repository.
WARNING: [IP_Flow 19-3685] Ignored loading user repository 'c:/Projects/ip_repo/triple_signal_multiplexer_1.0'. The path is contained within another repository.
WARNING: [IP_Flow 19-3685] Ignored loading user repository 'c:/Projects/ip_repo/double_signal_multiplexer_1.0'. The path is contained within another repository.
WARNING: [IP_Flow 19-3685] Ignored loading user repository 'c:/Projects/ip_repo/signal_multiplexer_1.0'. The path is contained within another repository.
WARNING: [IP_Flow 19-3685] Ignored loading user repository 'c:/Projects/ip_repo/bram_port_selector_1.0'. The path is contained within another repository.
WARNING: [IP_Flow 19-3685] Ignored loading user repository 'c:/Projects/ip_repo/bram_mm_1.0'. The path is contained within another repository.
WARNING: [IP_Flow 19-3685] Ignored loading user repository 'c:/Projects/ip_repo/fqmul_1.0'. The path is contained within another repository.
WARNING: [IP_Flow 19-3685] Ignored loading user repository 'c:/Projects/ip_repo/splitter_1.0'. The path is contained within another repository.
WARNING: [IP_Flow 19-3685] Ignored loading user repository 'c:/Projects/ip_repo/montgomery_reduction_1.0'. The path is contained within another repository.
WARNING: [IP_Flow 19-3685] Ignored loading user repository 'c:/Projects/ip_repo/timer2_1.0'. The path is contained within another repository.
INFO: [IP_Flow 19-1700] Loaded user IP repository 'c:/Projects/ip_repo'.
INFO: [IP_Flow 19-795] Syncing license key meta-data
ipx::edit_ip_in_project: Time (s): cpu = 00:00:20 ; elapsed = 00:00:10 . Memory (MB): peak = 939.395 ; gain = 35.305
update_compile_order -fileset sources_1
ipx::merge_project_changes files [ipx::current_core]
WARNING: [IP_Flow 19-5226] Project source file 'c:/Projects/ip_repo/dual_bram_1.0/component.xml' ignored by IP packager.
ipx::merge_project_changes hdl_parameters [ipx::current_core]
WARNING: [IP_Flow 19-5226] Project source file 'c:/Projects/ip_repo/dual_bram_1.0/component.xml' ignored by IP packager.
WARNING: [IP_Flow 19-4300] HDL parameter 'C_S00_AXI_ADDR_WIDTH' has its value changed from '12' to '13'.
WARNING: [IP_Flow 19-4300] HDL parameter 'C_S01_AXI_ADDR_WIDTH' has its value changed from '12' to '13'.
INFO: [IP_Flow 19-3166] Bus Interface 'S00_AXI': References existing memory map 'S00_AXI'.
INFO: [IP_Flow 19-3166] Bus Interface 'S01_AXI': References existing memory map 'S01_AXI'.
set_property widget {textEdit} [ipgui::get_guiparamspec -name "C_S00_AXI_ADDR_WIDTH" -component [ipx::current_core] ]
set_property enablement_value true [ipx::get_user_parameters C_S00_AXI_ADDR_WIDTH -of_objects [ipx::current_core]]
set_property value_validation_range_minimum 1 [ipx::get_user_parameters C_S00_AXI_ADDR_WIDTH -of_objects [ipx::current_core]]
set_property value_validation_range_maximum 32 [ipx::get_user_parameters C_S00_AXI_ADDR_WIDTH -of_objects [ipx::current_core]]
set_property widget {textEdit} [ipgui::get_guiparamspec -name "C_S01_AXI_ADDR_WIDTH" -component [ipx::current_core] ]
set_property enablement_value true [ipx::get_user_parameters C_S01_AXI_ADDR_WIDTH -of_objects [ipx::current_core]]
set_property value_validation_range_minimum 1 [ipx::get_user_parameters C_S01_AXI_ADDR_WIDTH -of_objects [ipx::current_core]]
set_property value_validation_range_maximum 32 [ipx::get_user_parameters C_S01_AXI_ADDR_WIDTH -of_objects [ipx::current_core]]
set_property core_revision 23 [ipx::current_core]
ipx::update_source_project_archive -component [ipx::current_core]
ipx::create_xgui_files [ipx::current_core]
ipx::update_checksums [ipx::current_core]
ipx::save_core [ipx::current_core]
ipx::move_temp_component_back -component [ipx::current_core]
close_project -delete
update_ip_catalog -rebuild -repo_path c:/Projects/ip_repo/dual_bram_1.0
CRITICAL WARNING: [IP_Flow 19-1681] Failed to reload user IP repository 'c:/Projects/ip_repo/dual_bram_1.0'. ''c:/Projects/ip_repo/dual_bram_1.0' is not valid: Path is contained within another repository.'
0
ipx::edit_ip_in_project -upgrade true -name bram_port_selector_v1_0_project -directory C:/Projects/kyber-fpga/kyber-fpga.tmp/bram_port_selector_v1_0_project c:/Projects/ip_repo/bram_port_selector_1.0/component.xml
INFO: [IP_Flow 19-234] Refreshing IP repositories
INFO: [IP_Flow 19-1704] No user IP repositories specified
INFO: [IP_Flow 19-2313] Loaded Vivado IP repository 'C:/Xilinx/Vivado/2019.1/data/ip'.
create_project: Time (s): cpu = 00:00:08 ; elapsed = 00:00:07 . Memory (MB): peak = 1049.320 ; gain = 15.148
INFO: [IP_Flow 19-234] Refreshing IP repositories
WARNING: [IP_Flow 19-3685] Ignored loading user repository 'c:/Projects/ip_repo/barret_reduce_1.0'. The path is contained within another repository.
WARNING: [IP_Flow 19-3685] Ignored loading user repository 'c:/Projects/ip_repo/dual_bram_1.0'. The path is contained within another repository.
WARNING: [IP_Flow 19-3685] Ignored loading user repository 'c:/Projects/ip_repo/poly_tomont_1.0'. The path is contained within another repository.
WARNING: [IP_Flow 19-3685] Ignored loading user repository 'c:/Projects/ip_repo/triple_signal_multiplexer_1.0'. The path is contained within another repository.
WARNING: [IP_Flow 19-3685] Ignored loading user repository 'c:/Projects/ip_repo/double_signal_multiplexer_1.0'. The path is contained within another repository.
WARNING: [IP_Flow 19-3685] Ignored loading user repository 'c:/Projects/ip_repo/signal_multiplexer_1.0'. The path is contained within another repository.
WARNING: [IP_Flow 19-3685] Ignored loading user repository 'c:/Projects/ip_repo/bram_port_selector_1.0'. The path is contained within another repository.
WARNING: [IP_Flow 19-3685] Ignored loading user repository 'c:/Projects/ip_repo/bram_mm_1.0'. The path is contained within another repository.
WARNING: [IP_Flow 19-3685] Ignored loading user repository 'c:/Projects/ip_repo/fqmul_1.0'. The path is contained within another repository.
WARNING: [IP_Flow 19-3685] Ignored loading user repository 'c:/Projects/ip_repo/splitter_1.0'. The path is contained within another repository.
WARNING: [IP_Flow 19-3685] Ignored loading user repository 'c:/Projects/ip_repo/montgomery_reduction_1.0'. The path is contained within another repository.
WARNING: [IP_Flow 19-3685] Ignored loading user repository 'c:/Projects/ip_repo/timer2_1.0'. The path is contained within another repository.
INFO: [IP_Flow 19-1700] Loaded user IP repository 'c:/Projects/ip_repo'.
INFO: [IP_Flow 19-795] Syncing license key meta-data
ipx::edit_ip_in_project: Time (s): cpu = 00:00:10 ; elapsed = 00:00:09 . Memory (MB): peak = 1049.855 ; gain = 15.684
update_compile_order -fileset sources_1
ipx::merge_project_changes hdl_parameters [ipx::current_core]
WARNING: [IP_Flow 19-5226] Project source file 'c:/Projects/ip_repo/bram_port_selector_1.0/component.xml' ignored by IP packager.
WARNING: [IP_Flow 19-4300] HDL parameter 'ADDR_WIDTH' has its value changed from '10' to '11'.
set_property core_revision 3 [ipx::current_core]
ipx::update_source_project_archive -component [ipx::current_core]
ipx::create_xgui_files [ipx::current_core]
ipx::update_checksums [ipx::current_core]
ipx::save_core [ipx::current_core]
ipx::move_temp_component_back -component [ipx::current_core]
close_project -delete
update_ip_catalog -rebuild -repo_path c:/Projects/ip_repo/bram_port_selector_1.0
CRITICAL WARNING: [IP_Flow 19-1681] Failed to reload user IP repository 'c:/Projects/ip_repo/bram_port_selector_1.0'. ''c:/Projects/ip_repo/bram_port_selector_1.0' is not valid: Path is contained within another repository.'
0
ipx::edit_ip_in_project -upgrade true -name poly_tomont_v1_0_project -directory C:/Projects/kyber-fpga/kyber-fpga.tmp/poly_tomont_v1_0_project c:/Projects/ip_repo/poly_tomont_1.0/component.xml
INFO: [IP_Flow 19-234] Refreshing IP repositories
INFO: [IP_Flow 19-1704] No user IP repositories specified
INFO: [IP_Flow 19-2313] Loaded Vivado IP repository 'C:/Xilinx/Vivado/2019.1/data/ip'.
create_project: Time (s): cpu = 00:00:07 ; elapsed = 00:00:06 . Memory (MB): peak = 1056.980 ; gain = 1.387
INFO: [IP_Flow 19-234] Refreshing IP repositories
WARNING: [IP_Flow 19-3685] Ignored loading user repository 'c:/Projects/ip_repo/barret_reduce_1.0'. The path is contained within another repository.
WARNING: [IP_Flow 19-3685] Ignored loading user repository 'c:/Projects/ip_repo/dual_bram_1.0'. The path is contained within another repository.
WARNING: [IP_Flow 19-3685] Ignored loading user repository 'c:/Projects/ip_repo/poly_tomont_1.0'. The path is contained within another repository.
WARNING: [IP_Flow 19-3685] Ignored loading user repository 'c:/Projects/ip_repo/triple_signal_multiplexer_1.0'. The path is contained within another repository.
WARNING: [IP_Flow 19-3685] Ignored loading user repository 'c:/Projects/ip_repo/double_signal_multiplexer_1.0'. The path is contained within another repository.
WARNING: [IP_Flow 19-3685] Ignored loading user repository 'c:/Projects/ip_repo/signal_multiplexer_1.0'. The path is contained within another repository.
WARNING: [IP_Flow 19-3685] Ignored loading user repository 'c:/Projects/ip_repo/bram_port_selector_1.0'. The path is contained within another repository.
WARNING: [IP_Flow 19-3685] Ignored loading user repository 'c:/Projects/ip_repo/bram_mm_1.0'. The path is contained within another repository.
WARNING: [IP_Flow 19-3685] Ignored loading user repository 'c:/Projects/ip_repo/fqmul_1.0'. The path is contained within another repository.
WARNING: [IP_Flow 19-3685] Ignored loading user repository 'c:/Projects/ip_repo/splitter_1.0'. The path is contained within another repository.
WARNING: [IP_Flow 19-3685] Ignored loading user repository 'c:/Projects/ip_repo/montgomery_reduction_1.0'. The path is contained within another repository.
WARNING: [IP_Flow 19-3685] Ignored loading user repository 'c:/Projects/ip_repo/timer2_1.0'. The path is contained within another repository.
INFO: [IP_Flow 19-1700] Loaded user IP repository 'c:/Projects/ip_repo'.
INFO: [IP_Flow 19-795] Syncing license key meta-data
ipx::edit_ip_in_project: Time (s): cpu = 00:00:10 ; elapsed = 00:00:08 . Memory (MB): peak = 1058.363 ; gain = 2.770
update_compile_order -fileset sources_1
ipx::merge_project_changes hdl_parameters [ipx::current_core]
WARNING: [IP_Flow 19-5226] Project source file 'c:/Projects/ip_repo/poly_tomont_1.0/component.xml' ignored by IP packager.
WARNING: [IP_Flow 19-4300] HDL parameter 'ADDR_WIDTH' has its value changed from '10' to '11'.
set_property core_revision 7 [ipx::current_core]
ipx::update_source_project_archive -component [ipx::current_core]
ipx::create_xgui_files [ipx::current_core]
ipx::update_checksums [ipx::current_core]
ipx::save_core [ipx::current_core]
ipx::move_temp_component_back -component [ipx::current_core]
close_project -delete
update_ip_catalog -rebuild -repo_path c:/Projects/ip_repo/poly_tomont_1.0
CRITICAL WARNING: [IP_Flow 19-1681] Failed to reload user IP repository 'c:/Projects/ip_repo/poly_tomont_1.0'. ''c:/Projects/ip_repo/poly_tomont_1.0' is not valid: Path is contained within another repository.'
0
make_wrapper -files [get_files C:/Projects/kyber-fpga/kyber-fpga.srcs/sources_1/bd/kyberBD/kyberBD.bd] -top
generate_target all [get_files  {C:/Projects/kyber-fpga/kyber-fpga.srcs/sources_1/bd/kyberBD/kyberBD.bd C:/Projects/kyber-fpga/kyber-fpga.srcs/sources_1/bd/kyberBD/kyberBD.bd C:/Projects/kyber-fpga/kyber-fpga.srcs/sources_1/bd/kyberBD/kyberBD.bd C:/Projects/kyber-fpga/kyber-fpga.srcs/sources_1/bd/kyberBD/kyberBD.bd C:/Projects/kyber-fpga/kyber-fpga.srcs/sources_1/bd/kyberBD/kyberBD.bd C:/Projects/kyber-fpga/kyber-fpga.srcs/sources_1/bd/kyberBD/kyberBD.bd C:/Projects/kyber-fpga/kyber-fpga.srcs/sources_1/bd/kyberBD/kyberBD.bd C:/Projects/kyber-fpga/kyber-fpga.srcs/sources_1/bd/kyberBD/kyberBD.bd C:/Projects/kyber-fpga/kyber-fpga.srcs/sources_1/bd/kyberBD/kyberBD.bd C:/Projects/kyber-fpga/kyber-fpga.srcs/sources_1/bd/kyberBD/kyberBD.bd C:/Projects/kyber-fpga/kyber-fpga.srcs/sources_1/bd/kyberBD/kyberBD.bd C:/Projects/kyber-fpga/kyber-fpga.srcs/sources_1/bd/kyberBD/kyberBD.bd C:/Projects/kyber-fpga/kyber-fpga.srcs/sources_1/bd/kyberBD/kyberBD.bd C:/Projects/kyber-fpga/kyber-fpga.srcs/sources_1/bd/kyberBD/kyberBD.bd C:/Projects/kyber-fpga/kyber-fpga.srcs/sources_1/bd/kyberBD/kyberBD.bd C:/Projects/kyber-fpga/kyber-fpga.srcs/sources_1/bd/kyberBD/kyberBD.bd C:/Projects/kyber-fpga/kyber-fpga.srcs/sources_1/bd/kyberBD/kyberBD.bd C:/Projects/kyber-fpga/kyber-fpga.srcs/sources_1/bd/kyberBD/kyberBD.bd}]
INFO: [BD 41-1637] Generated targets are already up-to-date for block design 'kyberBD' - hence not re-generating.
INFO: [BD 41-1637] Generated targets are already up-to-date for block design 'kyberBD' - hence not re-generating.
INFO: [BD 41-1637] Generated targets are already up-to-date for block design 'kyberBD' - hence not re-generating.
INFO: [BD 41-1637] Generated targets are already up-to-date for block design 'kyberBD' - hence not re-generating.
INFO: [BD 41-1637] Generated targets are already up-to-date for block design 'kyberBD' - hence not re-generating.
INFO: [BD 41-1637] Generated targets are already up-to-date for block design 'kyberBD' - hence not re-generating.
INFO: [BD 41-1637] Generated targets are already up-to-date for block design 'kyberBD' - hence not re-generating.
INFO: [BD 41-1637] Generated targets are already up-to-date for block design 'kyberBD' - hence not re-generating.
INFO: [BD 41-1637] Generated targets are already up-to-date for block design 'kyberBD' - hence not re-generating.
INFO: [BD 41-1637] Generated targets are already up-to-date for block design 'kyberBD' - hence not re-generating.
INFO: [BD 41-1637] Generated targets are already up-to-date for block design 'kyberBD' - hence not re-generating.
INFO: [BD 41-1637] Generated targets are already up-to-date for block design 'kyberBD' - hence not re-generating.
INFO: [BD 41-1637] Generated targets are already up-to-date for block design 'kyberBD' - hence not re-generating.
INFO: [BD 41-1637] Generated targets are already up-to-date for block design 'kyberBD' - hence not re-generating.
INFO: [BD 41-1637] Generated targets are already up-to-date for block design 'kyberBD' - hence not re-generating.
INFO: [BD 41-1637] Generated targets are already up-to-date for block design 'kyberBD' - hence not re-generating.
INFO: [BD 41-1637] Generated targets are already up-to-date for block design 'kyberBD' - hence not re-generating.
INFO: [BD 41-1637] Generated targets are already up-to-date for block design 'kyberBD' - hence not re-generating.
export_ip_user_files -of_objects [get_files C:/Projects/kyber-fpga/kyber-fpga.srcs/sources_1/bd/kyberBD/kyberBD.bd] -no_script -sync -force -quiet
export_ip_user_files -of_objects [get_files C:/Projects/kyber-fpga/kyber-fpga.srcs/sources_1/bd/kyberBD/kyberBD.bd] -no_script -sync -force -quiet
export_ip_user_files -of_objects [get_files C:/Projects/kyber-fpga/kyber-fpga.srcs/sources_1/bd/kyberBD/kyberBD.bd] -no_script -sync -force -quiet
export_ip_user_files -of_objects [get_files C:/Projects/kyber-fpga/kyber-fpga.srcs/sources_1/bd/kyberBD/kyberBD.bd] -no_script -sync -force -quiet
export_ip_user_files -of_objects [get_files C:/Projects/kyber-fpga/kyber-fpga.srcs/sources_1/bd/kyberBD/kyberBD.bd] -no_script -sync -force -quiet
export_ip_user_files -of_objects [get_files C:/Projects/kyber-fpga/kyber-fpga.srcs/sources_1/bd/kyberBD/kyberBD.bd] -no_script -sync -force -quiet
export_ip_user_files -of_objects [get_files C:/Projects/kyber-fpga/kyber-fpga.srcs/sources_1/bd/kyberBD/kyberBD.bd] -no_script -sync -force -quiet
export_ip_user_files -of_objects [get_files C:/Projects/kyber-fpga/kyber-fpga.srcs/sources_1/bd/kyberBD/kyberBD.bd] -no_script -sync -force -quiet
export_ip_user_files -of_objects [get_files C:/Projects/kyber-fpga/kyber-fpga.srcs/sources_1/bd/kyberBD/kyberBD.bd] -no_script -sync -force -quiet
export_ip_user_files -of_objects [get_files C:/Projects/kyber-fpga/kyber-fpga.srcs/sources_1/bd/kyberBD/kyberBD.bd] -no_script -sync -force -quiet
export_ip_user_files -of_objects [get_files C:/Projects/kyber-fpga/kyber-fpga.srcs/sources_1/bd/kyberBD/kyberBD.bd] -no_script -sync -force -quiet
export_ip_user_files -of_objects [get_files C:/Projects/kyber-fpga/kyber-fpga.srcs/sources_1/bd/kyberBD/kyberBD.bd] -no_script -sync -force -quiet
export_ip_user_files -of_objects [get_files C:/Projects/kyber-fpga/kyber-fpga.srcs/sources_1/bd/kyberBD/kyberBD.bd] -no_script -sync -force -quiet
export_ip_user_files -of_objects [get_files C:/Projects/kyber-fpga/kyber-fpga.srcs/sources_1/bd/kyberBD/kyberBD.bd] -no_script -sync -force -quiet
export_ip_user_files -of_objects [get_files C:/Projects/kyber-fpga/kyber-fpga.srcs/sources_1/bd/kyberBD/kyberBD.bd] -no_script -sync -force -quiet
export_ip_user_files -of_objects [get_files C:/Projects/kyber-fpga/kyber-fpga.srcs/sources_1/bd/kyberBD/kyberBD.bd] -no_script -sync -force -quiet
export_ip_user_files -of_objects [get_files C:/Projects/kyber-fpga/kyber-fpga.srcs/sources_1/bd/kyberBD/kyberBD.bd] -no_script -sync -force -quiet
export_ip_user_files -of_objects [get_files C:/Projects/kyber-fpga/kyber-fpga.srcs/sources_1/bd/kyberBD/kyberBD.bd] -no_script -sync -force -quiet
export_simulation -of_objects [get_files C:/Projects/kyber-fpga/kyber-fpga.srcs/sources_1/bd/kyberBD/kyberBD.bd] -directory C:/Projects/kyber-fpga/kyber-fpga.ip_user_files/sim_scripts -ip_user_files_dir C:/Projects/kyber-fpga/kyber-fpga.ip_user_files -ipstatic_source_dir C:/Projects/kyber-fpga/kyber-fpga.ip_user_files/ipstatic -lib_map_path [list {modelsim=C:/Projects/kyber-fpga/kyber-fpga.cache/compile_simlib/modelsim} {questa=C:/Projects/kyber-fpga/kyber-fpga.cache/compile_simlib/questa} {riviera=C:/Projects/kyber-fpga/kyber-fpga.cache/compile_simlib/riviera} {activehdl=C:/Projects/kyber-fpga/kyber-fpga.cache/compile_simlib/activehdl}] -use_ip_compiled_libs -force -quiet
export_simulation -of_objects [get_files C:/Projects/kyber-fpga/kyber-fpga.srcs/sources_1/bd/kyberBD/kyberBD.bd] -directory C:/Projects/kyber-fpga/kyber-fpga.ip_user_files/sim_scripts -ip_user_files_dir C:/Projects/kyber-fpga/kyber-fpga.ip_user_files -ipstatic_source_dir C:/Projects/kyber-fpga/kyber-fpga.ip_user_files/ipstatic -lib_map_path [list {modelsim=C:/Projects/kyber-fpga/kyber-fpga.cache/compile_simlib/modelsim} {questa=C:/Projects/kyber-fpga/kyber-fpga.cache/compile_simlib/questa} {riviera=C:/Projects/kyber-fpga/kyber-fpga.cache/compile_simlib/riviera} {activehdl=C:/Projects/kyber-fpga/kyber-fpga.cache/compile_simlib/activehdl}] -use_ip_compiled_libs -force -quiet
export_simulation -of_objects [get_files C:/Projects/kyber-fpga/kyber-fpga.srcs/sources_1/bd/kyberBD/kyberBD.bd] -directory C:/Projects/kyber-fpga/kyber-fpga.ip_user_files/sim_scripts -ip_user_files_dir C:/Projects/kyber-fpga/kyber-fpga.ip_user_files -ipstatic_source_dir C:/Projects/kyber-fpga/kyber-fpga.ip_user_files/ipstatic -lib_map_path [list {modelsim=C:/Projects/kyber-fpga/kyber-fpga.cache/compile_simlib/modelsim} {questa=C:/Projects/kyber-fpga/kyber-fpga.cache/compile_simlib/questa} {riviera=C:/Projects/kyber-fpga/kyber-fpga.cache/compile_simlib/riviera} {activehdl=C:/Projects/kyber-fpga/kyber-fpga.cache/compile_simlib/activehdl}] -use_ip_compiled_libs -force -quiet
export_simulation -of_objects [get_files C:/Projects/kyber-fpga/kyber-fpga.srcs/sources_1/bd/kyberBD/kyberBD.bd] -directory C:/Projects/kyber-fpga/kyber-fpga.ip_user_files/sim_scripts -ip_user_files_dir C:/Projects/kyber-fpga/kyber-fpga.ip_user_files -ipstatic_source_dir C:/Projects/kyber-fpga/kyber-fpga.ip_user_files/ipstatic -lib_map_path [list {modelsim=C:/Projects/kyber-fpga/kyber-fpga.cache/compile_simlib/modelsim} {questa=C:/Projects/kyber-fpga/kyber-fpga.cache/compile_simlib/questa} {riviera=C:/Projects/kyber-fpga/kyber-fpga.cache/compile_simlib/riviera} {activehdl=C:/Projects/kyber-fpga/kyber-fpga.cache/compile_simlib/activehdl}] -use_ip_compiled_libs -force -quiet
export_simulation -of_objects [get_files C:/Projects/kyber-fpga/kyber-fpga.srcs/sources_1/bd/kyberBD/kyberBD.bd] -directory C:/Projects/kyber-fpga/kyber-fpga.ip_user_files/sim_scripts -ip_user_files_dir C:/Projects/kyber-fpga/kyber-fpga.ip_user_files -ipstatic_source_dir C:/Projects/kyber-fpga/kyber-fpga.ip_user_files/ipstatic -lib_map_path [list {modelsim=C:/Projects/kyber-fpga/kyber-fpga.cache/compile_simlib/modelsim} {questa=C:/Projects/kyber-fpga/kyber-fpga.cache/compile_simlib/questa} {riviera=C:/Projects/kyber-fpga/kyber-fpga.cache/compile_simlib/riviera} {activehdl=C:/Projects/kyber-fpga/kyber-fpga.cache/compile_simlib/activehdl}] -use_ip_compiled_libs -force -quiet
export_simulation -of_objects [get_files C:/Projects/kyber-fpga/kyber-fpga.srcs/sources_1/bd/kyberBD/kyberBD.bd] -directory C:/Projects/kyber-fpga/kyber-fpga.ip_user_files/sim_scripts -ip_user_files_dir C:/Projects/kyber-fpga/kyber-fpga.ip_user_files -ipstatic_source_dir C:/Projects/kyber-fpga/kyber-fpga.ip_user_files/ipstatic -lib_map_path [list {modelsim=C:/Projects/kyber-fpga/kyber-fpga.cache/compile_simlib/modelsim} {questa=C:/Projects/kyber-fpga/kyber-fpga.cache/compile_simlib/questa} {riviera=C:/Projects/kyber-fpga/kyber-fpga.cache/compile_simlib/riviera} {activehdl=C:/Projects/kyber-fpga/kyber-fpga.cache/compile_simlib/activehdl}] -use_ip_compiled_libs -force -quiet
export_simulation -of_objects [get_files C:/Projects/kyber-fpga/kyber-fpga.srcs/sources_1/bd/kyberBD/kyberBD.bd] -directory C:/Projects/kyber-fpga/kyber-fpga.ip_user_files/sim_scripts -ip_user_files_dir C:/Projects/kyber-fpga/kyber-fpga.ip_user_files -ipstatic_source_dir C:/Projects/kyber-fpga/kyber-fpga.ip_user_files/ipstatic -lib_map_path [list {modelsim=C:/Projects/kyber-fpga/kyber-fpga.cache/compile_simlib/modelsim} {questa=C:/Projects/kyber-fpga/kyber-fpga.cache/compile_simlib/questa} {riviera=C:/Projects/kyber-fpga/kyber-fpga.cache/compile_simlib/riviera} {activehdl=C:/Projects/kyber-fpga/kyber-fpga.cache/compile_simlib/activehdl}] -use_ip_compiled_libs -force -quiet
export_simulation -of_objects [get_files C:/Projects/kyber-fpga/kyber-fpga.srcs/sources_1/bd/kyberBD/kyberBD.bd] -directory C:/Projects/kyber-fpga/kyber-fpga.ip_user_files/sim_scripts -ip_user_files_dir C:/Projects/kyber-fpga/kyber-fpga.ip_user_files -ipstatic_source_dir C:/Projects/kyber-fpga/kyber-fpga.ip_user_files/ipstatic -lib_map_path [list {modelsim=C:/Projects/kyber-fpga/kyber-fpga.cache/compile_simlib/modelsim} {questa=C:/Projects/kyber-fpga/kyber-fpga.cache/compile_simlib/questa} {riviera=C:/Projects/kyber-fpga/kyber-fpga.cache/compile_simlib/riviera} {activehdl=C:/Projects/kyber-fpga/kyber-fpga.cache/compile_simlib/activehdl}] -use_ip_compiled_libs -force -quiet
