15:54:18 INFO  : Registering command handlers for SDK TCF services
15:54:20 INFO  : Launching XSCT server: xsct.bat -interactive C:\Projects\kyber-fpga\kyber-fpga.sdk\temp_xsdb_launch_script.tcl
15:54:25 INFO  : XSCT server has started successfully.
15:54:30 INFO  : Processing command line option -hwspec C:/Projects/kyber-fpga/kyber-fpga.sdk/kyberBD_wrapper.hdf.
15:54:30 INFO  : Successfully done setting XSCT server connection channel  
15:54:30 INFO  : Successfully done setting SDK workspace  
16:14:25 INFO  : Connected to target on host '127.0.0.1' and port '3121'.
16:14:26 INFO  : 'targets -set -filter {jtag_cable_name =~ "Digilent JTAG-HS3 210299A888CC" && level==0} -index 1' command is executed.
16:14:27 INFO  : FPGA configured successfully with bitstream "C:/Projects/kyber-fpga/kyber-fpga.sdk/kyberBD_wrapper_hw_platform_0/kyberBD_wrapper.bit"
16:14:57 INFO  : 'targets -set -filter {jtag_cable_name =~ "Digilent JTAG-HS3 210299A888CC" && level==0} -index 1' command is executed.
16:14:57 INFO  : 'fpga -state' command is executed.
16:14:57 INFO  : Connected to target on host '127.0.0.1' and port '3121'.
16:14:58 INFO  : Jtag cable 'Digilent JTAG-HS3 210299A888CC' is selected.
16:14:58 INFO  : 'jtag frequency' command is executed.
16:14:58 INFO  : Sourcing of 'C:/Projects/kyber-fpga/kyber-fpga.sdk/kyberBD_wrapper_hw_platform_0/ps7_init.tcl' is done.
16:14:58 INFO  : Context for 'APU' is selected.
16:14:58 INFO  : Hardware design information is loaded from 'C:/Projects/kyber-fpga/kyber-fpga.sdk/kyberBD_wrapper_hw_platform_0/system.hdf'.
16:14:58 INFO  : 'configparams force-mem-access 1' command is executed.
16:14:58 INFO  : Context for 'APU' is selected.
16:14:58 INFO  : 'stop' command is executed.
16:14:59 INFO  : 'ps7_init' command is executed.
16:14:59 INFO  : 'ps7_post_config' command is executed.
16:14:59 INFO  : Context for processor 'ps7_cortexa9_0' is selected.
16:14:59 INFO  : Processor reset is completed for 'ps7_cortexa9_0'.
16:14:59 INFO  : Context for processor 'ps7_cortexa9_0' is selected.
16:14:59 INFO  : The application 'C:/Projects/kyber-fpga/kyber-fpga.sdk/kyber_sdk/Debug/kyber_sdk.elf' is downloaded to processor 'ps7_cortexa9_0'.
16:14:59 INFO  : 'configparams force-mem-access 0' command is executed.
16:14:59 INFO  : ----------------XSDB Script----------------
connect -url tcp:127.0.0.1:3121
source C:/Projects/kyber-fpga/kyber-fpga.sdk/kyberBD_wrapper_hw_platform_0/ps7_init.tcl
targets -set -nocase -filter {name =~"APU*" && jtag_cable_name =~ "Digilent JTAG-HS3 210299A888CC"} -index 0
loadhw -hw C:/Projects/kyber-fpga/kyber-fpga.sdk/kyberBD_wrapper_hw_platform_0/system.hdf -mem-ranges [list {0x40000000 0xbfffffff}]
configparams force-mem-access 1
targets -set -nocase -filter {name =~"APU*" && jtag_cable_name =~ "Digilent JTAG-HS3 210299A888CC"} -index 0
stop
ps7_init
ps7_post_config
targets -set -nocase -filter {name =~ "ARM*#0" && jtag_cable_name =~ "Digilent JTAG-HS3 210299A888CC"} -index 0
rst -processor
targets -set -nocase -filter {name =~ "ARM*#0" && jtag_cable_name =~ "Digilent JTAG-HS3 210299A888CC"} -index 0
dow C:/Projects/kyber-fpga/kyber-fpga.sdk/kyber_sdk/Debug/kyber_sdk.elf
configparams force-mem-access 0
----------------End of Script----------------

16:14:59 INFO  : Memory regions updated for context APU
16:14:59 INFO  : Context for processor 'ps7_cortexa9_0' is selected.
16:14:59 INFO  : 'con' command is executed.
16:14:59 INFO  : ----------------XSDB Script (After Launch)----------------
targets -set -nocase -filter {name =~ "ARM*#0" && jtag_cable_name =~ "Digilent JTAG-HS3 210299A888CC"} -index 0
con
----------------End of Script----------------

16:14:59 INFO  : Launch script is exported to file 'C:\Projects\kyber-fpga\kyber-fpga.sdk\.sdk\launch_scripts\xilinx_c-c++_application_(system_debugger)\system_debugger_using_debug_kyber_sdk.elf_on_local.tcl'
16:15:43 INFO  : Disconnected from the channel tcfchan#1.
16:15:44 INFO  : 'targets -set -filter {jtag_cable_name =~ "Digilent JTAG-HS3 210299A888CC" && level==0} -index 1' command is executed.
16:15:44 INFO  : 'fpga -state' command is executed.
16:15:44 INFO  : Connected to target on host '127.0.0.1' and port '3121'.
16:15:44 INFO  : Jtag cable 'Digilent JTAG-HS3 210299A888CC' is selected.
16:15:44 INFO  : 'jtag frequency' command is executed.
16:15:44 INFO  : Sourcing of 'C:/Projects/kyber-fpga/kyber-fpga.sdk/kyberBD_wrapper_hw_platform_0/ps7_init.tcl' is done.
16:15:44 INFO  : Context for 'APU' is selected.
16:15:47 INFO  : Hardware design information is loaded from 'C:/Projects/kyber-fpga/kyber-fpga.sdk/kyberBD_wrapper_hw_platform_0/system.hdf'.
16:15:47 INFO  : 'configparams force-mem-access 1' command is executed.
16:15:47 INFO  : Context for 'APU' is selected.
16:15:47 INFO  : 'stop' command is executed.
16:15:48 INFO  : 'ps7_init' command is executed.
16:15:48 INFO  : 'ps7_post_config' command is executed.
16:15:48 INFO  : Context for processor 'ps7_cortexa9_0' is selected.
16:15:48 INFO  : Processor reset is completed for 'ps7_cortexa9_0'.
16:15:48 INFO  : Context for processor 'ps7_cortexa9_0' is selected.
16:15:48 INFO  : The application 'C:/Projects/kyber-fpga/kyber-fpga.sdk/kyber_sdk/Debug/kyber_sdk.elf' is downloaded to processor 'ps7_cortexa9_0'.
16:15:48 INFO  : 'configparams force-mem-access 0' command is executed.
16:15:48 INFO  : ----------------XSDB Script----------------
connect -url tcp:127.0.0.1:3121
source C:/Projects/kyber-fpga/kyber-fpga.sdk/kyberBD_wrapper_hw_platform_0/ps7_init.tcl
targets -set -nocase -filter {name =~"APU*" && jtag_cable_name =~ "Digilent JTAG-HS3 210299A888CC"} -index 0
loadhw -hw C:/Projects/kyber-fpga/kyber-fpga.sdk/kyberBD_wrapper_hw_platform_0/system.hdf -mem-ranges [list {0x40000000 0xbfffffff}]
configparams force-mem-access 1
targets -set -nocase -filter {name =~"APU*" && jtag_cable_name =~ "Digilent JTAG-HS3 210299A888CC"} -index 0
stop
ps7_init
ps7_post_config
targets -set -nocase -filter {name =~ "ARM*#0" && jtag_cable_name =~ "Digilent JTAG-HS3 210299A888CC"} -index 0
rst -processor
targets -set -nocase -filter {name =~ "ARM*#0" && jtag_cable_name =~ "Digilent JTAG-HS3 210299A888CC"} -index 0
dow C:/Projects/kyber-fpga/kyber-fpga.sdk/kyber_sdk/Debug/kyber_sdk.elf
configparams force-mem-access 0
----------------End of Script----------------

16:15:48 INFO  : Memory regions updated for context APU
16:15:48 INFO  : Context for processor 'ps7_cortexa9_0' is selected.
16:15:49 INFO  : 'con' command is executed.
16:15:49 INFO  : ----------------XSDB Script (After Launch)----------------
targets -set -nocase -filter {name =~ "ARM*#0" && jtag_cable_name =~ "Digilent JTAG-HS3 210299A888CC"} -index 0
con
----------------End of Script----------------

16:15:49 INFO  : Launch script is exported to file 'C:\Projects\kyber-fpga\kyber-fpga.sdk\.sdk\launch_scripts\xilinx_c-c++_application_(system_debugger)\system_debugger_using_debug_kyber_sdk.elf_on_local.tcl'
