Vivado Simulator 2019.1
Copyright 1986-1999, 2001-2019 Xilinx, Inc. All Rights Reserved.
Running: C:/Xilinx/Vivado/2019.1/bin/unwrapped/win64.o/xelab.exe -wto 365c5a1c9a6a47799344651b3520658a --incr --debug typical --relax --mt 2 -L work -L secureip --snapshot testbench_behav work.testbench -log elaborate.log 
Using 2 slave threads.
Starting static elaboration
Completed static elaboration
Starting simulation data flow analysis
Completed simulation data flow analysis
Time Resolution for simulation is 1ps
Compiling package std.standard
Compiling package std.textio
Compiling package ieee.std_logic_1164
Compiling package ieee.math_real
Compiling package ieee.numeric_std
Compiling package ieee.std_logic_arith
Compiling package ieee.std_logic_unsigned
Compiling architecture behavioral of entity work.true_dual_bram [\true_dual_bram(addr_width=10,wo...]
Compiling architecture arch_imp of entity work.bram_mm_v1_0_S00_AXI [bram_mm_v1_0_s00_axi_default]
Compiling architecture arch_imp of entity work.bram_mm_v1_0 [bram_mm_v1_0_default]
Compiling architecture behavioral of entity work.testbench
Built simulation snapshot testbench_behav
