Vivado Simulator 2019.1
Copyright 1986-1999, 2001-2019 Xilinx, Inc. All Rights Reserved.
Running: C:/Xilinx/Vivado/2019.1/bin/unwrapped/win64.o/xelab.exe -wto 1bdc2c4d300d4d189ecbd2fbc13648c2 --incr --debug typical --relax --mt 2 -L xil_defaultlib -L work -L secureip --snapshot testbench_behav work.testbench -log elaborate.log 
Using 2 slave threads.
Starting static elaboration
Completed static elaboration
Starting simulation data flow analysis
Completed simulation data flow analysis
Time Resolution for simulation is 1ps
Compiling package std.standard
Compiling package std.textio
Compiling package ieee.std_logic_1164
Compiling package ieee.std_logic_arith
Compiling package ieee.std_logic_unsigned
Compiling package ieee.math_real
Compiling package ieee.numeric_std
Compiling package synopsys.attributes
Compiling package ieee.std_logic_misc
Compiling package xil_defaultlib.keccak_global
Compiling architecture behavioral of entity work.true_dual_bram [\true_dual_bram(addr_width=11,wo...]
Compiling architecture behavioral of entity work.keccak_f1600_mm_core_fast [keccak_f1600_mm_core_fast_defaul...]
Compiling architecture arch_imp of entity work.keccak_f1600_bram_ip_v1_0 [keccak_f1600_bram_ip_v1_0_defaul...]
Compiling architecture behavioral of entity work.testbench
Built simulation snapshot testbench_behav
