Vivado Simulator 2019.1
Copyright 1986-1999, 2001-2019 Xilinx, Inc. All Rights Reserved.
Running: C:/Xilinx/Vivado/2019.1/bin/unwrapped/win64.o/xelab.exe -wto 14071bbb3fa14a9f8614b58accc57f29 --incr --debug typical --relax --mt 2 -L work -L secureip --snapshot testbench_behav work.testbench -log elaborate.log 
Using 2 slave threads.
Starting static elaboration
WARNING: [VRFC 10-4940] 'montgomery_reduction_v1_0' remains a black box since it has no binding entity [c:/projects/ip_repo/poly_tomont_1.0/hdl/testbench.vhd:224]
WARNING: [VRFC 10-4940] 'montgomery_reduction_v1_0' remains a black box since it has no binding entity [c:/projects/ip_repo/poly_tomont_1.0/hdl/testbench.vhd:231]
Completed static elaboration
Starting simulation data flow analysis
Completed simulation data flow analysis
Time Resolution for simulation is 1ps
Compiling package std.standard
Compiling package std.textio
Compiling package ieee.std_logic_1164
Compiling package ieee.std_logic_arith
Compiling package ieee.std_logic_unsigned
Compiling package ieee.math_real
Compiling package ieee.numeric_std
Compiling architecture arch_imp of entity work.poly_tomont_v1_0 [poly_tomont_v1_0_default]
Compiling architecture behavioral of entity work.testbench
Built simulation snapshot testbench_behav
